npm warn Unknown env config "devdir". This will stop working in the next major version of npm.
npm warn tar TAR_ENTRY_ERROR ENOENT: no such file or directory, open 'c:\Users\conta\Desktop\RideCloudMoto\node_modules\@emnapi\runtime\dist\emnapi.iife.js'
npm warn tar TAR_ENTRY_ERROR ENOENT: no such file or directory, open 'c:\Users\conta\Desktop\RideCloudMoto\node_modules\sucrase\dist\transformers\OptionalChainingNullishTransformer.js'
npm warn tar TAR_ENTRY_ERROR ENOENT: no such file or directory, open 'c:\Users\conta\Desktop\RideCloudMoto\node_modules\sucrase\dist\esm\Options-gen-types.js'
npm warn tar TAR_ENTRY_ERROR ENOENT: no such file or directory, open 'c:\Users\conta\Desktop\RideCloudMoto\node_modules\sucrase\dist\Options-gen-types.js'
npm warn tar TAR_ENTRY_ERROR ENOENT: no such file or directory, open 'c:\Users\conta\Desktop\RideCloudMoto\node_modules\sucrase\dist\esm\Options.js'
npm warn tar TAR_ENTRY_ERROR ENOENT: no such file or directory, open 'c:\Users\conta\Desktop\RideCloudMoto\node_modules\sucrase\dist\Options.js'
npm warn tar TAR_ENTRY_ERROR ENOENT: no such file or directory, open 'c:\Users\conta\Desktop\RideCloudMoto\node_modules\sucrase\dist\esm\transformers\ReactDisplayNameTransformer.js'
npm warn tar TAR_ENTRY_ERROR ENOENT: no such file or directory, open 'c:\Users\conta\Desktop\RideCloudMoto\node_modules\sucrase\dist\transformers\ReactDisplayNameTransformer.js'
npm warn tar TAR_ENTRY_ERROR ENOENT: no such file or directory, open 'c:\Users\conta\Desktop\RideCloudMoto\node_modules\sucrase\dist\esm\transformers\ReactHotLoaderTransformer.js'
npm warn tar TAR_ENTRY_ERROR ENOENT: no such file or directory, open 'c:\Users\conta\Desktop\RideCloudMoto\node_modules\sucrase\dist\transformers\ReactHotLoaderTransformer.js'
npm warn tar TAR_ENTRY_ERROR ENOENT: no such file or directory, open 'c:\Users\conta\Desktop\RideCloudMoto\node_modules\sucrase\dist\esm\parser\tokenizer\readWord.js'
npm warn tar TAR_ENTRY_ERROR ENOENT: no such file or directory, open 'c:\Users\conta\Desktop\RideCloudMoto\node_modules\sucrase\dist\parser\tokenizer\readWord.js'
npm warn tar TAR_ENTRY_ERROR ENOENT: no such file or directory, open 'c:\Users\conta\Desktop\RideCloudMoto\node_modules\sucrase\dist\esm\parser\tokenizer\readWordTree.js'
npm warn tar TAR_ENTRY_ERROR ENOENT: no such file or directory, open 'c:\Users\conta\Desktop\RideCloudMoto\node_modules\sucrase\dist\parser\tokenizer\readWordTree.js'
npm warn tar TAR_ENTRY_ERROR ENOENT: no such file or directory, open 'c:\Users\conta\Desktop\RideCloudMoto\node_modules\sucrase\dist\esm\register.js'
npm warn tar TAR_ENTRY_ERROR ENOENT: no such file or directory, open 'c:\Users\conta\Desktop\RideCloudMoto\node_modules\sucrase\dist\register.js'
npm warn tar TAR_ENTRY_ERROR ENOENT: no such file or directory, open 'c:\Users\conta\Desktop\RideCloudMoto\node_modules\sucrase\dist\esm\util\removeMaybeImportAttributes.js'
npm warn tar TAR_ENTRY_ERROR ENOENT: no such file or directory, open 'c:\Users\conta\Desktop\RideCloudMoto\node_modules\sucrase\dist\util\removeMaybeImportAttributes.js'
npm warn tar TAR_ENTRY_ERROR ENOENT: no such file or directory, open 'c:\Users\conta\Desktop\RideCloudMoto\node_modules\sucrase\dist\esm\transformers\RootTransformer.js'
npm warn tar TAR_ENTRY_ERROR ENOENT: no such file or directory, open 'c:\Users\conta\Desktop\RideCloudMoto\node_modules\vite\types\internal\lightningcssOptions.d.ts'
npm warn tar TAR_ENTRY_ERROR ENOENT: no such file or directory, open 'c:\Users\conta\Desktop\RideCloudMoto\node_modules\vite\types\metadata.d.ts'
npm warn tar TAR_ENTRY_ERROR ENOENT: no such file or directory, open 'c:\Users\conta\Desktop\RideCloudMoto\node_modules\vite\dist\node\module-runner.d.ts'
npm warn tar TAR_ENTRY_ERROR ENOENT: no such file or directory, open 'c:\Users\conta\Desktop\RideCloudMoto\node_modules\vite\dist\node\chunks\moduleRunnerTransport.d.ts'
npm warn tar TAR_ENTRY_ERROR ENOENT: no such file or directory, open 'c:\Users\conta\Desktop\RideCloudMoto\node_modules\vite\types\internal\terserOptions.d.ts'
npm warn tar TAR_ENTRY_ERROR ENOENT: no such file or directory, open 'c:\Users\conta\Desktop\RideCloudMoto\node_modules\sucrase\dist\transformers\RootTransformer.js'
npm warn tar TAR_ENTRY_ERROR ENOENT: no such file or directory, open 'c:\Users\conta\Desktop\RideCloudMoto\node_modules\sucrase\dist\esm\util\shouldElideDefaultExport.js'
npm warn tar TAR_ENTRY_ERROR ENOENT: no such file or directory, open 'c:\Users\conta\Desktop\RideCloudMoto\node_modules\sucrase\dist\util\shouldElideDefaultExport.js'
npm warn tar TAR_ENTRY_ERROR ENOENT: no such file or directory, open 'c:\Users\conta\Desktop\RideCloudMoto\node_modules\sucrase\dist\esm\parser\tokenizer\state.js'
npm warn tar TAR_ENTRY_ERROR ENOENT: no such file or directory, open 'c:\Users\conta\Desktop\RideCloudMoto\node_modules\sucrase\dist\parser\tokenizer\state.js'
npm warn tar TAR_ENTRY_ERROR ENOENT: no such file or directory, open 'c:\Users\conta\Desktop\RideCloudMoto\node_modules\sucrase\register\ts-legacy-module-interop.js'
npm warn tar TAR_ENTRY_ERROR ENOENT: no such file or directory, open 'c:\Users\conta\Desktop\RideCloudMoto\node_modules\sucrase\register\ts.js'
npm warn tar TAR_ENTRY_ERROR ENOENT: no such file or directory, open 'c:\Users\conta\Desktop\RideCloudMoto\node_modules\sucrase\register\tsx-legacy-module-interop.js'
npm warn tar TAR_ENTRY_ERROR ENOENT: no such file or directory, open 'c:\Users\conta\Desktop\RideCloudMoto\node_modules\sucrase\register\tsx.js'
npm warn tar TAR_ENTRY_ERROR ENOENT: no such file or directory, open 'c:\Users\conta\Desktop\RideCloudMoto\node_modules\sucrase\dist\esm\parser\tokenizer\types.js'
npm warn tar TAR_ENTRY_ERROR ENOENT: no such file or directory, open 'c:\Users\conta\Desktop\RideCloudMoto\node_modules\sucrase\dist\parser\tokenizer\types.js'
npm warn tar TAR_ENTRY_ERROR ENOENT: no such file or directory, open 'c:\Users\conta\Desktop\RideCloudMoto\node_modules\jiti\dist\jiti.js'
npm warn tar TAR_ENTRY_ERROR ENOENT: no such file or directory, lstat 'c:\Users\conta\Desktop\RideCloudMoto\node_modules\jiti\dist\plugins'
npm warn tar TAR_ENTRY_ERROR ENOENT: no such file or directory, open 'c:\Users\conta\Desktop\RideCloudMoto\node_modules\jiti\dist\babel.d.ts'
npm warn tar TAR_ENTRY_ERROR ENOENT: no such file or directory, lstat 'c:\Users\conta\Desktop\RideCloudMoto\node_modules\jiti\dist\plugins'
npm warn tar TAR_ENTRY_ERROR ENOENT: no such file or directory, open 'c:\Users\conta\Desktop\RideCloudMoto\node_modules\jiti\dist\jiti.d.ts'
npm warn tar TAR_ENTRY_ERROR ENOENT: no such file or directory, open 'c:\Users\conta\Desktop\RideCloudMoto\node_modules\jiti\dist\types.d.ts'
npm warn tar TAR_ENTRY_ERROR ENOENT: no such file or directory, open 'c:\Users\conta\Desktop\RideCloudMoto\node_modules\jiti\dist\utils.d.ts'
npm warn tar TAR_ENTRY_ERROR ENOENT: no such file or directory, rename 'c:\Users\conta\Desktop\RideCloudMoto\node_modules\es-abstract\2019\GetValueFromBuffer.js' -> 'c:\Users\conta\Desktop\RideCloudMoto\node_modules\es-abstract\2019\GetValueFromBuffer.js.DELETE.9b628fb667a4146992e937bd25b304d4'
npm warn tar TAR_ENTRY_ERROR ENOENT: no such file or directory, rename 'c:\Users\conta\Desktop\RideCloudMoto\node_modules\@radix-ui\react-use-effect-event\dist\index.mjs' -> 'c:\Users\conta\Desktop\RideCloudMoto\node_modules\@radix-ui\react-use-effect-event\dist\index.mjs.DELETE.91b66c7981a28c9d427679e76791cd8b'
npm warn tar TAR_ENTRY_ERROR ENOENT: no such file or directory, open 'c:\Users\conta\Desktop\RideCloudMoto\node_modules\@supabase\postgrest-js\dist\index.d.cts'
npm warn tar TAR_ENTRY_ERROR ENOENT: no such file or directory, open 'c:\Users\conta\Desktop\RideCloudMoto\node_modules\web-push\src\cli.js'
npm warn tar TAR_ENTRY_ERROR ENOENT: no such file or directory, open 'c:\Users\conta\Desktop\RideCloudMoto\node_modules\@radix-ui\react-collection\dist\index.mjs'
npm warn tar TAR_ENTRY_ERROR ENOENT: no such file or directory, open 'c:\Users\conta\Desktop\RideCloudMoto\node_modules\web-push\src\encryption-helper.js'
npm warn tar TAR_ENTRY_ERROR ENOENT: no such file or directory, open 'c:\Users\conta\Desktop\RideCloudMoto\node_modules\@radix-ui\react-collection\dist\index.d.mts'
npm warn tar TAR_ENTRY_ERROR ENOENT: no such file or directory, open 'c:\Users\conta\Desktop\RideCloudMoto\node_modules\ajv\scripts\.eslintrc.yml'
npm warn tar TAR_ENTRY_ERROR ENOENT: no such file or directory, open 'c:\Users\conta\Desktop\RideCloudMoto\node_modules\js-yaml\dist\js-yaml.mjs.map'
npm warn tar TAR_ENTRY_ERROR ENOENT: no such file or directory, open 'c:\Users\conta\Desktop\RideCloudMoto\node_modules\web-push\src\index.js'
npm warn tar TAR_ENTRY_ERROR ENOENT: no such file or directory, open 'c:\Users\conta\Desktop\RideCloudMoto\node_modules\@radix-ui\react-collection\dist\index.d.ts'
npm warn tar TAR_ENTRY_ERROR ENOENT: no such file or directory, open 'c:\Users\conta\Desktop\RideCloudMoto\node_modules\web-push\src\urlsafe-base64-helper.js'
npm warn tar TAR_ENTRY_ERROR ENOENT: no such file or directory, open 'c:\Users\conta\Desktop\RideCloudMoto\node_modules\web-push\src\vapid-helper.js'
npm warn tar TAR_ENTRY_ERROR ENOENT: no such file or directory, open 'c:\Users\conta\Desktop\RideCloudMoto\node_modules\web-push\src\web-push-constants.js'
npm warn tar TAR_ENTRY_ERROR ENOENT: no such file or directory, open 'c:\Users\conta\Desktop\RideCloudMoto\node_modules\web-push\src\web-push-error.js'
npm warn tar TAR_ENTRY_ERROR ENOENT: no such file or directory, open 'c:\Users\conta\Desktop\RideCloudMoto\node_modules\web-push\src\web-push-lib.js'
npm warn tar TAR_ENTRY_ERROR ENOENT: no such file or directory, open 'c:\Users\conta\Desktop\RideCloudMoto\node_modules\@supabase\postgrest-js\dist\index.cjs.map'
npm warn tar TAR_ENTRY_ERROR ENOENT: no such file or directory, open 'c:\Users\conta\Desktop\RideCloudMoto\node_modules\@supabase\postgrest-js\dist\index.d.cts.map'
npm warn tar TAR_ENTRY_ERROR ENOENT: no such file or directory, open 'c:\Users\conta\Desktop\RideCloudMoto\node_modules\eslint-plugin-react-hooks\cjs\eslint-plugin-react-hooks.d.ts'
npm warn tar TAR_ENTRY_ERROR ENOENT: no such file or directory, open 'c:\Users\conta\Desktop\RideCloudMoto\node_modules\zod\v3\locales\en.d.cts'
npm warn tar TAR_ENTRY_ERROR ENOENT: no such file or directory, open 'c:\Users\conta\Desktop\RideCloudMoto\node_modules\@supabase\postgrest-js\dist\index.d.mts.map'
npm warn tar TAR_ENTRY_ERROR ENOENT: no such file or directory, open 'c:\Users\conta\Desktop\RideCloudMoto\node_modules\js-yaml\lib\index_vite_proxy.tmp.mjs'
npm warn tar TAR_ENTRY_ERROR ENOENT: no such file or directory, open 'c:\Users\conta\Desktop\RideCloudMoto\node_modules\js-yaml\dist\js-yaml.mjs'
npm warn tar TAR_ENTRY_ERROR ENOENT: no such file or directory, open 'c:\Users\conta\Desktop\RideCloudMoto\node_modules\vitest\dist\chunks\console.CtFJOzRO.js'
npm warn tar TAR_ENTRY_ERROR ENOENT: no such file or directory, open 'c:\Users\conta\Desktop\RideCloudMoto\node_modules\vitest\dist\chunks\constants.DnKduX2e.js'
npm warn tar TAR_ENTRY_ERROR ENOENT: no such file or directory, open 'c:\Users\conta\Desktop\RideCloudMoto\node_modules\vitest\dist\chunks\coverage.DfSpMS-b.js'
npm warn tar TAR_ENTRY_ERROR ENOENT: no such file or directory, open 'c:\Users\conta\Desktop\RideCloudMoto\node_modules\@supabase\postgrest-js\dist\index.mjs.map'
npm warn tar TAR_ENTRY_ERROR ENOENT: no such file or directory, open 'c:\Users\conta\Desktop\RideCloudMoto\node_modules\es-abstract\helpers\records\iterator-record-2023.js'
npm warn tar TAR_ENTRY_ERROR ENOENT: no such file or directory, open 'c:\Users\conta\Desktop\RideCloudMoto\node_modules\es-abstract\helpers\records\iterator-record.js'
npm warn tar TAR_ENTRY_ERROR ENOENT: no such file or directory, open 'c:\Users\conta\Desktop\RideCloudMoto\node_modules\zod\v3\locales\en.js'
npm warn tar TAR_ENTRY_ERROR ENOENT: no such file or directory, open 'c:\Users\conta\Desktop\RideCloudMoto\node_modules\vitest\dist\chunks\coverage.DVF1vEu8.js'
npm warn tar TAR_ENTRY_ERROR ENOENT: no such file or directory, open 'c:\Users\conta\Desktop\RideCloudMoto\node_modules\vitest\dist\chunks\creator.GK6I-cL4.js'
npm warn tar TAR_ENTRY_ERROR ENOENT: no such file or directory, open 'c:\Users\conta\Desktop\RideCloudMoto\node_modules\es-abstract\2020\BigInt\leftShift.js'
npm warn tar TAR_ENTRY_ERROR ENOENT: no such file or directory, open 'c:\Users\conta\Desktop\RideCloudMoto\node_modules\es-abstract\2020\Number\leftShift.js'
npm warn tar TAR_ENTRY_ERROR ENOENT: no such file or directory, open 'c:\Users\conta\Desktop\RideCloudMoto\node_modules\es-abstract\2021\BigInt\leftShift.js'
npm warn tar TAR_ENTRY_ERROR ENOENT: no such file or directory, open 'c:\Users\conta\Desktop\RideCloudMoto\node_modules\es-abstract\2021\Number\leftShift.js'
npm warn tar TAR_ENTRY_ERROR ENOENT: no such file or directory, open 'c:\Users\conta\Desktop\RideCloudMoto\node_modules\es-abstract\2022\BigInt\leftShift.js'
npm warn tar TAR_ENTRY_ERROR ENOENT: no such file or directory, open 'c:\Users\conta\Desktop\RideCloudMoto\node_modules\es-abstract\2022\Number\leftShift.js'
npm warn tar TAR_ENTRY_ERROR ENOENT: no such file or directory, open 'c:\Users\conta\Desktop\RideCloudMoto\node_modules\es-abstract\2023\BigInt\leftShift.js'
npm warn tar TAR_ENTRY_ERROR ENOENT: no such file or directory, open 'c:\Users\conta\Desktop\RideCloudMoto\node_modules\es-abstract\2023\Number\leftShift.js'
npm warn tar TAR_ENTRY_ERROR ENOENT: no such file or directory, open 'c:\Users\conta\Desktop\RideCloudMoto\node_modules\es-abstract\2024\BigInt\leftShift.js'
npm warn tar TAR_ENTRY_ERROR ENOENT: no such file or directory, open 'c:\Users\conta\Desktop\RideCloudMoto\node_modules\es-abstract\2024\Number\leftShift.js'
npm warn tar TAR_ENTRY_ERROR ENOENT: no such file or directory, open 'c:\Users\conta\Desktop\RideCloudMoto\node_modules\es-abstract\2025\Number\leftShift.js'
npm warn tar TAR_ENTRY_ERROR ENOENT: no such file or directory, open 'c:\Users\conta\Desktop\RideCloudMoto\node_modules\es-abstract\2020\BigInt\lessThan.js'
npm warn tar TAR_ENTRY_ERROR ENOENT: no such file or directory, open 'c:\Users\conta\Desktop\RideCloudMoto\node_modules\es-abstract\2020\Number\lessThan.js'
npm warn tar TAR_ENTRY_ERROR ENOENT: no such file or directory, open 'c:\Users\conta\Desktop\RideCloudMoto\node_modules\es-abstract\2021\BigInt\lessThan.js'
npm warn tar TAR_ENTRY_ERROR ENOENT: no such file or directory, open 'c:\Users\conta\Desktop\RideCloudMoto\node_modules\es-abstract\2021\Number\lessThan.js'
npm warn tar TAR_ENTRY_ERROR ENOENT: no such file or directory, open 'c:\Users\conta\Desktop\RideCloudMoto\node_modules\es-abstract\2022\BigInt\lessThan.js'
npm warn tar TAR_ENTRY_ERROR ENOENT: no such file or directory, open 'c:\Users\conta\Desktop\RideCloudMoto\node_modules\es-abstract\2022\Number\lessThan.js'
npm warn tar TAR_ENTRY_ERROR ENOENT: no such file or directory, open 'c:\Users\conta\Desktop\RideCloudMoto\node_modules\es-abstract\2023\BigInt\lessThan.js'
npm warn tar TAR_ENTRY_ERROR ENOENT: no such file or directory, open 'c:\Users\conta\Desktop\RideCloudMoto\node_modules\es-abstract\2023\Number\lessThan.js'
npm warn tar TAR_ENTRY_ERROR ENOENT: no such file or directory, open 'c:\Users\conta\Desktop\RideCloudMoto\node_modules\es-abstract\2024\BigInt\lessThan.js'
npm warn tar TAR_ENTRY_ERROR ENOENT: no such file or directory, open 'c:\Users\conta\Desktop\RideCloudMoto\node_modules\es-abstract\2024\Number\lessThan.js'
npm warn tar TAR_ENTRY_ERROR ENOENT: no such file or directory, open 'c:\Users\conta\Desktop\RideCloudMoto\node_modules\es-abstract\2025\Number\lessThan.js'
npm warn tar TAR_ENTRY_ERROR ENOENT: no such file or directory, open 'c:\Users\conta\Desktop\RideCloudMoto\node_modules\vitest\dist\chunks\date.Bq6ZW5rf.js'
npm warn tar TAR_ENTRY_ERROR ENOENT: no such file or directory, open 'c:\Users\conta\Desktop\RideCloudMoto\node_modules\vitest\dist\chunks\defaults.B7q_naMc.js'
npm warn tar TAR_ENTRY_ERROR ENOENT: no such file or directory, open 'c:\Users\conta\Desktop\RideCloudMoto\node_modules\vitest\dist\chunks\env.D4Lgay0q.js'
npm warn tar TAR_ENTRY_ERROR ENOENT: no such file or directory, open 'c:\Users\conta\Desktop\RideCloudMoto\node_modules\vitest\dist\chunks\execute.B7h3T_Hc.js'
npm warn tar TAR_ENTRY_ERROR ENOENT: no such file or directory, open 'c:\Users\conta\Desktop\RideCloudMoto\node_modules\@supabase\postgrest-js\dist\index.mjs'
npm warn tar TAR_ENTRY_ERROR ENOENT: no such file or directory, open 'c:\Users\conta\Desktop\RideCloudMoto\node_modules\@supabase\postgrest-js\dist\index.d.mts'
npm warn tar TAR_ENTRY_ERROR ENOENT: no such file or directory, open 'c:\Users\conta\Desktop\RideCloudMoto\node_modules\vitest\dist\chunks\git.BVQ8w_Sw.js'
npm warn tar TAR_ENTRY_ERROR ENOENT: no such file or directory, open 'c:\Users\conta\Desktop\RideCloudMoto\node_modules\vitest\dist\chunks\globals.DEHgCU4V.js'
npm warn tar TAR_ENTRY_ERROR ENOENT: no such file or directory, open 'c:\Users\conta\Desktop\RideCloudMoto\node_modules\vitest\dist\chunks\index.B521nVV-.js'
npm warn tar TAR_ENTRY_ERROR ENOENT: no such file or directory, open 'c:\Users\conta\Desktop\RideCloudMoto\node_modules\vitest\dist\chunks\index.BCWujgDG.js'
npm warn tar TAR_ENTRY_ERROR ENOENT: no such file or directory, open 'c:\Users\conta\Desktop\RideCloudMoto\node_modules\vitest\dist\chunks\index.CdQS2e2Q.js'
npm warn tar TAR_ENTRY_ERROR ENOENT: no such file or directory, open 'c:\Users\conta\Desktop\RideCloudMoto\node_modules\vitest\dist\chunks\index.CmSc2RE5.js'
npm warn tar TAR_ENTRY_ERROR ENOENT: no such file or directory, open 'c:\Users\conta\Desktop\RideCloudMoto\node_modules\vitest\dist\chunks\index.CwejwG0H.js'
npm warn tar TAR_ENTRY_ERROR ENOENT: no such file or directory, open 'c:\Users\conta\Desktop\RideCloudMoto\node_modules\es-abstract\helpers\records\match-record.js'
npm warn tar TAR_ENTRY_ERROR ENOENT: no such file or directory, open 'c:\Users\conta\Desktop\RideCloudMoto\node_modules\vitest\dist\chunks\index.D3XRDfWc.js'
npm warn tar TAR_ENTRY_ERROR ENOENT: no such file or directory, open 'c:\Users\conta\Desktop\RideCloudMoto\node_modules\react-hook-form\dist\types\path\common.d.ts'
npm warn tar TAR_ENTRY_ERROR ENOENT: no such file or directory, open 'c:\Users\conta\Desktop\RideCloudMoto\node_modules\vitest\dist\chunks\index.VByaPkjc.js'
npm warn tar TAR_ENTRY_ERROR ENOENT: no such file or directory, open 'c:\Users\conta\Desktop\RideCloudMoto\node_modules\react-hook-form\dist\types\path\eager.d.ts'
npm warn tar TAR_ENTRY_ERROR ENOENT: no such file or directory, open 'c:\Users\conta\Desktop\RideCloudMoto\node_modules\@supabase\auth-js\dist\main\lib\web3\solana.d.ts'
npm warn tar TAR_ENTRY_ERROR ENOENT: no such file or directory, open 'c:\Users\conta\Desktop\RideCloudMoto\node_modules\@supabase\auth-js\dist\module\lib\web3\solana.d.ts'
npm warn tar TAR_ENTRY_ERROR ENOENT: no such file or directory, open 'c:\Users\conta\Desktop\RideCloudMoto\node_modules\es-abstract\2020\BigInt\multiply.js'
npm warn tar TAR_ENTRY_ERROR ENOENT: no such file or directory, open 'c:\Users\conta\Desktop\RideCloudMoto\node_modules\es-abstract\2020\Number\multiply.js'
npm warn tar TAR_ENTRY_ERROR ENOENT: no such file or directory, open 'c:\Users\conta\Desktop\RideCloudMoto\node_modules\es-abstract\2021\BigInt\multiply.js'
npm warn tar TAR_ENTRY_ERROR ENOENT: no such file or directory, open 'c:\Users\conta\Desktop\RideCloudMoto\node_modules\es-abstract\2021\Number\multiply.js'
npm warn tar TAR_ENTRY_ERROR ENOENT: no such file or directory, open 'c:\Users\conta\Desktop\RideCloudMoto\node_modules\es-abstract\2022\BigInt\multiply.js'
npm warn tar TAR_ENTRY_ERROR ENOENT: no such file or directory, open 'c:\Users\conta\Desktop\RideCloudMoto\node_modules\es-abstract\2022\Number\multiply.js'
npm warn tar TAR_ENTRY_ERROR ENOENT: no such file or directory, open 'c:\Users\conta\Desktop\RideCloudMoto\node_modules\es-abstract\2023\BigInt\multiply.js'
npm warn tar TAR_ENTRY_ERROR ENOENT: no such file or directory, open 'c:\Users\conta\Desktop\RideCloudMoto\node_modules\es-abstract\2023\Number\multiply.js'
npm warn tar TAR_ENTRY_ERROR ENOENT: no such file or directory, open 'c:\Users\conta\Desktop\RideCloudMoto\node_modules\es-abstract\2024\BigInt\multiply.js'
npm warn tar TAR_ENTRY_ERROR ENOENT: no such file or directory, open 'c:\Users\conta\Desktop\RideCloudMoto\node_modules\es-abstract\2024\Number\multiply.js'
npm warn tar TAR_ENTRY_ERROR ENOENT: no such file or directory, open 'c:\Users\conta\Desktop\RideCloudMoto\node_modules\vitest\dist\chunks\index.X0nbfr6-.js'
npm warn tar TAR_ENTRY_ERROR ENOENT: no such file or directory, open 'c:\Users\conta\Desktop\RideCloudMoto\node_modules\es-abstract\2025\Number\multiply.js'
npm warn tar TAR_ENTRY_ERROR ENOENT: no such file or directory, open 'c:\Users\conta\Desktop\RideCloudMoto\node_modules\react-hook-form\dist\types\path\index.d.ts'
npm warn tar TAR_ENTRY_ERROR ENOENT: no such file or directory, open 'c:\Users\conta\Desktop\RideCloudMoto\node_modules\vitest\dist\chunks\inspector.C914Efll.js'
npm warn tar TAR_ENTRY_ERROR ENOENT: no such file or directory, open 'c:\Users\conta\Desktop\RideCloudMoto\node_modules\vitest\dist\chunks\node.fjCdwEIl.js'
npm warn tar TAR_ENTRY_ERROR ENOENT: no such file or directory, open 'c:\Users\conta\Desktop\RideCloudMoto\node_modules\vitest\dist\chunks\rpc.-pEldfrD.js'
npm warn tar TAR_ENTRY_ERROR ENOENT: no such file or directory, open 'c:\Users\conta\Desktop\RideCloudMoto\node_modules\vitest\dist\chunks\runBaseTests.9Ij9_de-.js'
npm warn tar TAR_ENTRY_ERROR ENOENT: no such file or directory, open 'c:\Users\conta\Desktop\RideCloudMoto\node_modules\vitest\dist\chunks\setup-common.Dd054P77.js'
npm warn tar TAR_ENTRY_ERROR ENOENT: no such file or directory, open 'c:\Users\conta\Desktop\RideCloudMoto\node_modules\vitest\dist\chunks\typechecker.DRKU1-1g.js'
npm warn tar TAR_ENTRY_ERROR ENOENT: no such file or directory, open 'c:\Users\conta\Desktop\RideCloudMoto\node_modules\zod\v3\locales\en.d.ts'
npm warn tar TAR_ENTRY_ERROR ENOENT: no such file or directory, rename 'c:\Users\conta\Desktop\RideCloudMoto\node_modules\react-hook-form\dist\useController.d.ts' -> 'c:\Users\conta\Desktop\RideCloudMoto\node_modules\react-hook-form\dist\useController.d.ts.DELETE.eaa6f4121b7e6ac7d3ca6d7cc0a05d6f'
npm warn tar TAR_ENTRY_ERROR ENOENT: no such file or directory, open 'c:\Users\conta\Desktop\RideCloudMoto\node_modules\jszip\lib\reader\StringReader.js'
npm warn tar TAR_ENTRY_ERROR ENOENT: no such file or directory, open 'c:\Users\conta\Desktop\RideCloudMoto\node_modules\jszip\lib\reader\Uint8ArrayReader.js'
npm warn tar TAR_ENTRY_ERROR ENOENT: no such file or directory, open 'c:\Users\conta\Desktop\RideCloudMoto\node_modules\jszip\lib\generate\ZipFileWorker.js'
npm warn tar TAR_ENTRY_ERROR ENOENT: no such file or directory, open 'c:\Users\conta\Desktop\RideCloudMoto\node_modules\react-dom\cjs\react-dom-server-legacy.node.production.js'
npm warn tar TAR_ENTRY_ERROR ENOENT: no such file or directory, open 'c:\Users\conta\Desktop\RideCloudMoto\node_modules\eslint\lib\shared\ast-utils.js'
npm warn tar TAR_ENTRY_ERROR ENOENT: no such file or directory, open 'c:\Users\conta\Desktop\RideCloudMoto\node_modules\es-abstract\helpers\records\promise-capability-record.js'
npm warn tar TAR_ENTRY_ERROR ENOENT: no such file or directory, open 'c:\Users\conta\Desktop\RideCloudMoto\node_modules\es-abstract\helpers\records\property-descriptor.js'
npm warn tar TAR_ENTRY_ERROR ENOENT: no such file or directory, open 'c:\Users\conta\Desktop\RideCloudMoto\node_modules\vitest\dist\chunks\utils.CAioKnHs.js'
npm warn tar TAR_ENTRY_ERROR ENOENT: no such file or directory, open 'c:\Users\conta\Desktop\RideCloudMoto\node_modules\vitest\dist\chunks\utils.XdZDrNZV.js'
npm warn tar TAR_ENTRY_ERROR ENOENT: no such file or directory, open 'c:\Users\conta\Desktop\RideCloudMoto\node_modules\vitest\dist\chunks\vi.bdSIJ99Y.js'
npm warn tar TAR_ENTRY_ERROR ENOENT: no such file or directory, open 'c:\Users\conta\Desktop\RideCloudMoto\node_modules\es-abstract\helpers\records\regexp-record.js'
npm warn tar TAR_ENTRY_ERROR ENOENT: no such file or directory, open 'c:\Users\conta\Desktop\RideCloudMoto\node_modules\es-abstract\2020\BigInt\remainder.js'
npm warn tar TAR_ENTRY_ERROR ENOENT: no such file or directory, open 'c:\Users\conta\Desktop\RideCloudMoto\node_modules\es-abstract\2020\Number\remainder.js'
npm warn tar TAR_ENTRY_ERROR ENOENT: no such file or directory, open 'c:\Users\conta\Desktop\RideCloudMoto\node_modules\es-abstract\2021\BigInt\remainder.js'
npm warn tar TAR_ENTRY_ERROR ENOENT: no such file or directory, open 'c:\Users\conta\Desktop\RideCloudMoto\node_modules\es-abstract\2021\Number\remainder.js'
npm warn tar TAR_ENTRY_ERROR ENOENT: no such file or directory, open 'c:\Users\conta\Desktop\RideCloudMoto\node_modules\es-abstract\2022\BigInt\remainder.js'
npm warn tar TAR_ENTRY_ERROR ENOENT: no such file or directory, open 'c:\Users\conta\Desktop\RideCloudMoto\node_modules\es-abstract\2022\Number\remainder.js'
npm warn tar TAR_ENTRY_ERROR ENOENT: no such file or directory, open 'c:\Users\conta\Desktop\RideCloudMoto\node_modules\es-abstract\2023\BigInt\remainder.js'
npm warn tar TAR_ENTRY_ERROR ENOENT: no such file or directory, open 'c:\Users\conta\Desktop\RideCloudMoto\node_modules\es-abstract\2023\Number\remainder.js'
npm warn tar TAR_ENTRY_ERROR ENOENT: no such file or directory, open 'c:\Users\conta\Desktop\RideCloudMoto\node_modules\es-abstract\2024\BigInt\remainder.js'
npm warn tar TAR_ENTRY_ERROR ENOENT: no such file or directory, open 'c:\Users\conta\Desktop\RideCloudMoto\node_modules\es-abstract\2024\Number\remainder.js'
npm warn tar TAR_ENTRY_ERROR ENOENT: no such file or directory, open 'c:\Users\conta\Desktop\RideCloudMoto\node_modules\es-abstract\2025\BigInt\remainder.js'
npm warn tar TAR_ENTRY_ERROR ENOENT: no such file or directory, open 'c:\Users\conta\Desktop\RideCloudMoto\node_modules\es-abstract\2025\Number\remainder.js'
npm warn tar TAR_ENTRY_ERROR ENOENT: no such file or directory, open 'c:\Users\conta\Desktop\RideCloudMoto\node_modules\es-abstract\2020\BigInt\sameValue.js'
npm warn tar TAR_ENTRY_ERROR ENOENT: no such file or directory, open 'c:\Users\conta\Desktop\RideCloudMoto\node_modules\es-abstract\2020\Number\sameValue.js'
npm warn tar TAR_ENTRY_ERROR ENOENT: no such file or directory, open 'c:\Users\conta\Desktop\RideCloudMoto\node_modules\es-abstract\2021\BigInt\sameValue.js'
npm warn tar TAR_ENTRY_ERROR ENOENT: no such file or directory, open 'c:\Users\conta\Desktop\RideCloudMoto\node_modules\es-abstract\2021\Number\sameValue.js'
npm warn tar TAR_ENTRY_ERROR ENOENT: no such file or directory, open 'c:\Users\conta\Desktop\RideCloudMoto\node_modules\react-dom\cjs\react-dom-server.browser.development.js'
npm warn tar TAR_ENTRY_ERROR ENOENT: no such file or directory, open 'c:\Users\conta\Desktop\RideCloudMoto\node_modules\vitest\dist\chunks\vm.BThCzidc.js'
npm warn tar TAR_ENTRY_ERROR ENOENT: no such file or directory, open 'c:\Users\conta\Desktop\RideCloudMoto\node_modules\es-abstract\2022\BigInt\sameValue.js'
npm warn tar TAR_ENTRY_ERROR ENOENT: no such file or directory, open 'c:\Users\conta\Desktop\RideCloudMoto\node_modules\es-abstract\2022\Number\sameValue.js'
npm warn tar TAR_ENTRY_ERROR ENOENT: no such file or directory, open 'c:\Users\conta\Desktop\RideCloudMoto\node_modules\es-abstract\2023\Number\sameValue.js'
npm warn tar TAR_ENTRY_ERROR ENOENT: no such file or directory, open 'c:\Users\conta\Desktop\RideCloudMoto\node_modules\es-abstract\2024\Number\sameValue.js'
npm warn tar TAR_ENTRY_ERROR ENOENT: no such file or directory, open 'c:\Users\conta\Desktop\RideCloudMoto\node_modules\es-abstract\2025\Number\sameValue.js'
npm warn tar TAR_ENTRY_ERROR ENOENT: no such file or directory, open 'c:\Users\conta\Desktop\RideCloudMoto\node_modules\eslint\lib\rules\utils\char-source.js'
npm warn tar TAR_ENTRY_ERROR ENOENT: no such file or directory, open 'c:\Users\conta\Desktop\RideCloudMoto\node_modules\es-abstract\2020\BigInt\sameValueZero.js'
npm warn tar TAR_ENTRY_ERROR ENOENT: no such file or directory, open 'c:\Users\conta\Desktop\RideCloudMoto\node_modules\es-abstract\2020\Number\sameValueZero.js'
npm warn tar TAR_ENTRY_ERROR ENOENT: no such file or directory, open 'c:\Users\conta\Desktop\RideCloudMoto\node_modules\es-abstract\2021\BigInt\sameValueZero.js'
npm warn tar TAR_ENTRY_ERROR ENOENT: no such file or directory, open 'c:\Users\conta\Desktop\RideCloudMoto\node_modules\es-abstract\2021\Number\sameValueZero.js'
npm warn tar TAR_ENTRY_ERROR ENOENT: no such file or directory, open 'c:\Users\conta\Desktop\RideCloudMoto\node_modules\es-abstract\2022\BigInt\sameValueZero.js'
npm warn tar TAR_ENTRY_ERROR ENOENT: no such file or directory, open 'c:\Users\conta\Desktop\RideCloudMoto\node_modules\es-abstract\2022\Number\sameValueZero.js'
npm warn tar TAR_ENTRY_ERROR ENOENT: no such file or directory, open 'c:\Users\conta\Desktop\RideCloudMoto\node_modules\es-abstract\2023\Number\sameValueZero.js'
npm warn tar TAR_ENTRY_ERROR ENOENT: no such file or directory, open 'c:\Users\conta\Desktop\RideCloudMoto\node_modules\es-abstract\2024\Number\sameValueZero.js'
npm warn tar TAR_ENTRY_ERROR ENOENT: no such file or directory, open 'c:\Users\conta\Desktop\RideCloudMoto\node_modules\es-abstract\2025\Number\sameValueZero.js'
npm warn tar TAR_ENTRY_ERROR ENOENT: no such file or directory, open 'c:\Users\conta\Desktop\RideCloudMoto\node_modules\es-abstract\helpers\records\set-record.js'
npm warn tar TAR_ENTRY_ERROR ENOENT: no such file or directory, open 'c:\Users\conta\Desktop\RideCloudMoto\node_modules\es-abstract\2020\BigInt\signedRightShift.js'
npm warn tar TAR_ENTRY_ERROR ENOENT: no such file or directory, open 'c:\Users\conta\Desktop\RideCloudMoto\node_modules\es-abstract\2020\Number\signedRightShift.js'
npm warn tar TAR_ENTRY_ERROR ENOENT: no such file or directory, open 'c:\Users\conta\Desktop\RideCloudMoto\node_modules\es-abstract\2021\BigInt\signedRightShift.js'
npm warn tar TAR_ENTRY_ERROR ENOENT: no such file or directory, open 'c:\Users\conta\Desktop\RideCloudMoto\node_modules\es-abstract\2021\Number\signedRightShift.js'
npm warn tar TAR_ENTRY_ERROR ENOENT: no such file or directory, open 'c:\Users\conta\Desktop\RideCloudMoto\node_modules\es-abstract\2022\BigInt\signedRightShift.js'
npm warn tar TAR_ENTRY_ERROR ENOENT: no such file or directory, open 'c:\Users\conta\Desktop\RideCloudMoto\node_modules\es-abstract\2022\Number\signedRightShift.js'
npm warn tar TAR_ENTRY_ERROR ENOENT: no such file or directory, open 'c:\Users\conta\Desktop\RideCloudMoto\node_modules\es-abstract\2023\BigInt\signedRightShift.js'
npm warn tar TAR_ENTRY_ERROR ENOENT: no such file or directory, open 'c:\Users\conta\Desktop\RideCloudMoto\node_modules\es-abstract\2023\Number\signedRightShift.js'
npm warn tar TAR_ENTRY_ERROR ENOENT: no such file or directory, open 'c:\Users\conta\Desktop\RideCloudMoto\node_modules\es-abstract\2024\BigInt\signedRightShift.js'
npm warn tar TAR_ENTRY_ERROR ENOENT: no such file or directory, open 'c:\Users\conta\Desktop\RideCloudMoto\node_modules\es-abstract\2024\Number\signedRightShift.js'
npm warn tar TAR_ENTRY_ERROR ENOENT: no such file or directory, open 'c:\Users\conta\Desktop\RideCloudMoto\node_modules\es-abstract\2025\BigInt\signedRightShift.js'
npm warn tar TAR_ENTRY_ERROR ENOENT: no such file or directory, open 'c:\Users\conta\Desktop\RideCloudMoto\node_modules\es-abstract\2025\Number\signedRightShift.js'
npm warn tar TAR_ENTRY_ERROR ENOENT: no such file or directory, open 'c:\Users\conta\Desktop\RideCloudMoto\node_modules\react-dom\cjs\react-dom-server.browser.production.js'
npm warn tar TAR_ENTRY_ERROR ENOENT: no such file or directory, open 'c:\Users\conta\Desktop\RideCloudMoto\node_modules\@supabase\auth-js\dist\tsconfig.tsbuildinfo'
npm warn tar TAR_ENTRY_ERROR ENOENT: no such file or directory, open 'c:\Users\conta\Desktop\RideCloudMoto\node_modules\vitest\dist\chunks\benchmark.d.BwvBVTda.d.ts'
npm warn tar TAR_ENTRY_ERROR ENOENT: no such file or directory, open 'c:\Users\conta\Desktop\RideCloudMoto\node_modules\vitest\dist\chunks\config.d.BKdhh7Zx.d.ts'
npm warn tar TAR_ENTRY_ERROR ENOENT: no such file or directory, open 'c:\Users\conta\Desktop\RideCloudMoto\node_modules\es-abstract\2020\BigInt\subtract.js'
npm warn tar TAR_ENTRY_ERROR ENOENT: no such file or directory, open 'c:\Users\conta\Desktop\RideCloudMoto\node_modules\es-abstract\2020\Number\subtract.js'
npm warn tar TAR_ENTRY_ERROR ENOENT: no such file or directory, open 'c:\Users\conta\Desktop\RideCloudMoto\node_modules\es-abstract\2021\BigInt\subtract.js'
npm warn tar TAR_ENTRY_ERROR ENOENT: no such file or directory, open 'c:\Users\conta\Desktop\RideCloudMoto\node_modules\es-abstract\2021\Number\subtract.js'
npm warn tar TAR_ENTRY_ERROR ENOENT: no such file or directory, open 'c:\Users\conta\Desktop\RideCloudMoto\node_modules\es-abstract\2022\BigInt\subtract.js'
npm warn tar TAR_ENTRY_ERROR ENOENT: no such file or directory, open 'c:\Users\conta\Desktop\RideCloudMoto\node_modules\es-abstract\2022\Number\subtract.js'
npm warn tar TAR_ENTRY_ERROR ENOENT: no such file or directory, open 'c:\Users\conta\Desktop\RideCloudMoto\node_modules\es-abstract\2023\BigInt\subtract.js'
npm warn tar TAR_ENTRY_ERROR ENOENT: no such file or directory, open 'c:\Users\conta\Desktop\RideCloudMoto\node_modules\es-abstract\2023\Number\subtract.js'
npm warn tar TAR_ENTRY_ERROR ENOENT: no such file or directory, open 'c:\Users\conta\Desktop\RideCloudMoto\node_modules\es-abstract\2024\BigInt\subtract.js'
npm warn tar TAR_ENTRY_ERROR ENOENT: no such file or directory, open 'c:\Users\conta\Desktop\RideCloudMoto\node_modules\es-abstract\2024\Number\subtract.js'
npm warn tar TAR_ENTRY_ERROR ENOENT: no such file or directory, open 'c:\Users\conta\Desktop\RideCloudMoto\node_modules\es-abstract\2025\BigInt\subtract.js'
npm warn tar TAR_ENTRY_ERROR ENOENT: no such file or directory, open 'c:\Users\conta\Desktop\RideCloudMoto\node_modules\es-abstract\2025\Number\subtract.js'
npm warn tar TAR_ENTRY_ERROR ENOENT: no such file or directory, open 'c:\Users\conta\Desktop\RideCloudMoto\node_modules\es-abstract\2020\BigInt\toString.js'
npm warn tar TAR_ENTRY_ERROR ENOENT: no such file or directory, open 'c:\Users\conta\Desktop\RideCloudMoto\node_modules\es-abstract\2020\Number\toString.js'
npm warn tar TAR_ENTRY_ERROR ENOENT: no such file or directory, open 'c:\Users\conta\Desktop\RideCloudMoto\node_modules\es-abstract\2021\BigInt\toString.js'
npm warn tar TAR_ENTRY_ERROR ENOENT: no such file or directory, open 'c:\Users\conta\Desktop\RideCloudMoto\node_modules\es-abstract\2021\Number\toString.js'
npm warn tar TAR_ENTRY_ERROR ENOENT: no such file or directory, open 'c:\Users\conta\Desktop\RideCloudMoto\node_modules\es-abstract\2022\BigInt\toString.js'
npm warn tar TAR_ENTRY_ERROR ENOENT: no such file or directory, open 'c:\Users\conta\Desktop\RideCloudMoto\node_modules\es-abstract\2022\Number\toString.js'
npm warn tar TAR_ENTRY_ERROR ENOENT: no such file or directory, open 'c:\Users\conta\Desktop\RideCloudMoto\node_modules\es-abstract\2023\BigInt\toString.js'
npm warn tar TAR_ENTRY_ERROR ENOENT: no such file or directory, open 'c:\Users\conta\Desktop\RideCloudMoto\node_modules\es-abstract\2023\Number\toString.js'
npm warn tar TAR_ENTRY_ERROR ENOENT: no such file or directory, open 'c:\Users\conta\Desktop\RideCloudMoto\node_modules\es-abstract\2024\BigInt\toString.js'
npm warn tar TAR_ENTRY_ERROR ENOENT: no such file or directory, open 'c:\Users\conta\Desktop\RideCloudMoto\node_modules\es-abstract\2024\Number\toString.js'
npm warn tar TAR_ENTRY_ERROR ENOENT: no such file or directory, open 'c:\Users\conta\Desktop\RideCloudMoto\node_modules\es-abstract\2025\BigInt\toString.js'
npm warn tar TAR_ENTRY_ERROR ENOENT: no such file or directory, open 'c:\Users\conta\Desktop\RideCloudMoto\node_modules\es-abstract\2025\Number\toString.js'
npm warn tar TAR_ENTRY_ERROR ENOENT: no such file or directory, lstat 'c:\Users\conta\Desktop\RideCloudMoto\node_modules\eslint\lib\linter\code-path-analysis'
npm warn tar TAR_ENTRY_ERROR ENOENT: no such file or directory, lstat 'c:\Users\conta\Desktop\RideCloudMoto\node_modules\eslint\lib\linter\code-path-analysis'
npm warn tar TAR_ENTRY_ERROR ENOENT: no such file or directory, lstat 'c:\Users\conta\Desktop\RideCloudMoto\node_modules\eslint\lib\linter\code-path-analysis'
npm warn tar TAR_ENTRY_ERROR ENOENT: no such file or directory, open 'c:\Users\conta\Desktop\RideCloudMoto\node_modules\es-abstract\helpers\records\typed-array-with-buffer-witness-record.js'
npm warn tar TAR_ENTRY_ERROR ENOENT: no such file or directory, open 'c:\Users\conta\Desktop\RideCloudMoto\node_modules\vitest\dist\chunks\coverage.d.S9RMNXIe.d.ts'
npm warn tar TAR_ENTRY_ERROR ENOENT: no such file or directory, open 'c:\Users\conta\Desktop\RideCloudMoto\node_modules\vitest\dist\chunks\environment.d.cL3nLXbE.d.ts'
npm warn tar TAR_ENTRY_ERROR ENOENT: no such file or directory, open 'c:\Users\conta\Desktop\RideCloudMoto\node_modules\vitest\dist\chunks\global.d.MAmajcmJ.d.ts'
npm warn tar TAR_ENTRY_ERROR ENOENT: no such file or directory, open 'c:\Users\conta\Desktop\RideCloudMoto\node_modules\vitest\dist\chunks\mocker.d.BE_2ls6u.d.ts'
npm warn tar TAR_ENTRY_ERROR ENOENT: no such file or directory, open 'c:\Users\conta\Desktop\RideCloudMoto\node_modules\es-abstract\2020\BigInt\unaryMinus.js'
npm warn tar TAR_ENTRY_ERROR ENOENT: no such file or directory, open 'c:\Users\conta\Desktop\RideCloudMoto\node_modules\es-abstract\2020\Number\unaryMinus.js'
npm warn tar TAR_ENTRY_ERROR ENOENT: no such file or directory, open 'c:\Users\conta\Desktop\RideCloudMoto\node_modules\es-abstract\2021\BigInt\unaryMinus.js'
npm warn tar TAR_ENTRY_ERROR ENOENT: no such file or directory, open 'c:\Users\conta\Desktop\RideCloudMoto\node_modules\es-abstract\2021\Number\unaryMinus.js'
npm warn tar TAR_ENTRY_ERROR ENOENT: no such file or directory, open 'c:\Users\conta\Desktop\RideCloudMoto\node_modules\es-abstract\2022\BigInt\unaryMinus.js'
npm warn tar TAR_ENTRY_ERROR ENOENT: no such file or directory, open 'c:\Users\conta\Desktop\RideCloudMoto\node_modules\es-abstract\2022\Number\unaryMinus.js'
npm warn tar TAR_ENTRY_ERROR ENOENT: no such file or directory, open 'c:\Users\conta\Desktop\RideCloudMoto\node_modules\es-abstract\2023\BigInt\unaryMinus.js'
npm warn tar TAR_ENTRY_ERROR ENOENT: no such file or directory, open 'c:\Users\conta\Desktop\RideCloudMoto\node_modules\es-abstract\2023\Number\unaryMinus.js'
npm warn tar TAR_ENTRY_ERROR ENOENT: no such file or directory, open 'c:\Users\conta\Desktop\RideCloudMoto\node_modules\es-abstract\2024\BigInt\unaryMinus.js'
npm warn tar TAR_ENTRY_ERROR ENOENT: no such file or directory, open 'c:\Users\conta\Desktop\RideCloudMoto\node_modules\es-abstract\2024\Number\unaryMinus.js'
npm warn tar TAR_ENTRY_ERROR ENOENT: no such file or directory, open 'c:\Users\conta\Desktop\RideCloudMoto\node_modules\es-abstract\2025\BigInt\unaryMinus.js'
npm warn tar TAR_ENTRY_ERROR ENOENT: no such file or directory, open 'c:\Users\conta\Desktop\RideCloudMoto\node_modules\es-abstract\2025\Number\unaryMinus.js'
npm warn tar TAR_ENTRY_ERROR ENOENT: no such file or directory, open 'c:\Users\conta\Desktop\RideCloudMoto\node_modules\es-abstract\2020\BigInt\unsignedRightShift.js'
npm warn tar TAR_ENTRY_ERROR ENOENT: no such file or directory, open 'c:\Users\conta\Desktop\RideCloudMoto\node_modules\es-abstract\2020\Number\unsignedRightShift.js'
npm warn tar TAR_ENTRY_ERROR ENOENT: no such file or directory, open 'c:\Users\conta\Desktop\RideCloudMoto\node_modules\es-abstract\2021\BigInt\unsignedRightShift.js'
npm warn tar TAR_ENTRY_ERROR ENOENT: no such file or directory, open 'c:\Users\conta\Desktop\RideCloudMoto\node_modules\es-abstract\2021\Number\unsignedRightShift.js'
npm warn tar TAR_ENTRY_ERROR ENOENT: no such file or directory, open 'c:\Users\conta\Desktop\RideCloudMoto\node_modules\es-abstract\2022\BigInt\unsignedRightShift.js'
npm warn tar TAR_ENTRY_ERROR ENOENT: no such file or directory, open 'c:\Users\conta\Desktop\RideCloudMoto\node_modules\es-abstract\2022\Number\unsignedRightShift.js'
npm warn tar TAR_ENTRY_ERROR ENOENT: no such file or directory, open 'c:\Users\conta\Desktop\RideCloudMoto\node_modules\es-abstract\2023\BigInt\unsignedRightShift.js'
npm warn tar TAR_ENTRY_ERROR ENOENT: no such file or directory, open 'c:\Users\conta\Desktop\RideCloudMoto\node_modules\es-abstract\2023\Number\unsignedRightShift.js'
npm warn tar TAR_ENTRY_ERROR ENOENT: no such file or directory, open 'c:\Users\conta\Desktop\RideCloudMoto\node_modules\es-abstract\2024\BigInt\unsignedRightShift.js'
npm warn tar TAR_ENTRY_ERROR ENOENT: no such file or directory, open 'c:\Users\conta\Desktop\RideCloudMoto\node_modules\es-abstract\2024\Number\unsignedRightShift.js'
npm warn tar TAR_ENTRY_ERROR ENOENT: no such file or directory, open 'c:\Users\conta\Desktop\RideCloudMoto\node_modules\es-abstract\2025\BigInt\unsignedRightShift.js'
npm warn tar TAR_ENTRY_ERROR ENOENT: no such file or directory, open 'c:\Users\conta\Desktop\RideCloudMoto\node_modules\es-abstract\2025\Number\unsignedRightShift.js'
npm warn tar TAR_ENTRY_ERROR ENOENT: no such file or directory, open 'c:\Users\conta\Desktop\RideCloudMoto\node_modules\next\dist\bundle-analyzer\_next\static\chunks\a6dad97d9634a72d.js'
npm warn tar TAR_ENTRY_ERROR ENOENT: no such file or directory, lstat 'c:\Users\conta\Desktop\RideCloudMoto\node_modules\eslint\lib\linter\code-path-analysis'
npm warn tar TAR_ENTRY_ERROR ENOENT: no such file or directory, open 'c:\Users\conta\Desktop\RideCloudMoto\node_modules\vitest\dist\chunks\reporters.d.BuRON0I0.d.ts'
npm warn tar TAR_ENTRY_ERROR ENOENT: no such file or directory, open 'c:\Users\conta\Desktop\RideCloudMoto\node_modules\vitest\dist\chunks\suite.d.FvehnV49.d.ts'
npm warn tar TAR_ENTRY_ERROR ENOENT: no such file or directory, open 'c:\Users\conta\Desktop\RideCloudMoto\node_modules\vitest\dist\chunks\vite.d.BnOPPc46.d.ts'
npm warn tar TAR_ENTRY_ERROR ENOENT: no such file or directory, open 'c:\Users\conta\Desktop\RideCloudMoto\node_modules\vitest\dist\chunks\worker.d.CUgIPz9V.d.ts'
npm warn tar TAR_ENTRY_ERROR ENOENT: no such file or directory, open 'c:\Users\conta\Desktop\RideCloudMoto\node_modules\vitest\dist\chunks\worker.d.uzWsCv9X.d.ts'
npm warn tar TAR_ENTRY_ERROR ENOENT: no such file or directory, open 'c:\Users\conta\Desktop\RideCloudMoto\node_modules\next\dist\compiled\acorn\acorn.js'
npm warn tar TAR_ENTRY_ERROR ENOENT: no such file or directory, lstat 'c:\Users\conta\Desktop\RideCloudMoto\node_modules\eslint\lib\linter\code-path-analysis'
npm warn tar TAR_ENTRY_ERROR ENOENT: no such file or directory, open 'c:\Users\conta\Desktop\RideCloudMoto\node_modules\eslint\lib\shared\deep-merge-arrays.js'
npm warn tar TAR_ENTRY_ERROR ENOENT: no such file or directory, open 'c:\Users\conta\Desktop\RideCloudMoto\node_modules\eslint\lib\shared\directives.js'
npm warn tar TAR_ENTRY_ERROR ENOENT: no such file or directory, open 'c:\Users\conta\Desktop\RideCloudMoto\node_modules\eslint\lib\linter\esquery.js'
npm warn tar TAR_ENTRY_ERROR ENOENT: no such file or directory, open 'c:\Users\conta\Desktop\RideCloudMoto\node_modules\eslint\lib\linter\file-context.js'
npm warn tar TAR_ENTRY_ERROR ENOENT: no such file or directory, open 'c:\Users\conta\Desktop\RideCloudMoto\node_modules\eslint\lib\linter\file-report.js'
npm warn tar TAR_ENTRY_ERROR ENOENT: no such file or directory, open 'c:\Users\conta\Desktop\RideCloudMoto\node_modules\eslint\lib\rules\utils\fix-tracker.js'
npm warn tar TAR_ENTRY_ERROR ENOENT: no such file or directory, open 'c:\Users\conta\Desktop\RideCloudMoto\node_modules\eslint\lib\shared\flags.js'
npm warn tar TAR_ENTRY_ERROR ENOENT: no such file or directory, lstat 'c:\Users\conta\Desktop\RideCloudMoto\node_modules\eslint\lib\linter\code-path-analysis'
npm warn tar TAR_ENTRY_ERROR ENOENT: no such file or directory, lstat 'c:\Users\conta\Desktop\RideCloudMoto\node_modules\eslint\lib\linter\code-path-analysis'
npm warn tar TAR_ENTRY_ERROR ENOENT: no such file or directory, open 'c:\Users\conta\Desktop\RideCloudMoto\node_modules\eslint\lib\linter\index.js'
npm warn tar TAR_ENTRY_ERROR ENOENT: no such file or directory, lstat 'c:\Users\conta\Desktop\RideCloudMoto\node_modules\eslint\lib\rules\utils\unicode'
npm warn tar TAR_ENTRY_ERROR ENOENT: no such file or directory, open 'c:\Users\conta\Desktop\RideCloudMoto\node_modules\eslint\lib\linter\interpolate.js'
npm warn tar TAR_ENTRY_ERROR ENOENT: no such file or directory, lstat 'c:\Users\conta\Desktop\RideCloudMoto\node_modules\eslint\lib\rules\utils\unicode'
npm warn tar TAR_ENTRY_ERROR ENOENT: no such file or directory, lstat 'c:\Users\conta\Desktop\RideCloudMoto\node_modules\eslint\lib\rules\utils\unicode'
npm warn tar TAR_ENTRY_ERROR ENOENT: no such file or directory, lstat 'c:\Users\conta\Desktop\RideCloudMoto\node_modules\eslint\lib\rules\utils\unicode'
npm warn tar TAR_ENTRY_ERROR ENOENT: no such file or directory, lstat 'c:\Users\conta\Desktop\RideCloudMoto\node_modules\eslint\lib\rules\utils\unicode'
npm warn tar TAR_ENTRY_ERROR ENOENT: no such file or directory, open 'c:\Users\conta\Desktop\RideCloudMoto\node_modules\eslint\lib\rules\utils\keywords.js'
npm warn tar TAR_ENTRY_ERROR ENOENT: no such file or directory, open 'c:\Users\conta\Desktop\RideCloudMoto\node_modules\eslint\lib\rules\utils\lazy-loading-rule-map.js'
npm warn tar TAR_ENTRY_ERROR ENOENT: no such file or directory, open 'c:\Users\conta\Desktop\RideCloudMoto\node_modules\eslint\lib\linter\linter.js'
npm warn tar TAR_ENTRY_ERROR ENOENT: no such file or directory, open 'c:\Users\conta\Desktop\RideCloudMoto\node_modules\eslint\lib\shared\logging.js'
npm warn tar TAR_ENTRY_ERROR ENOENT: no such file or directory, open 'c:\Users\conta\Desktop\RideCloudMoto\node_modules\eslint\lib\shared\naming.js'
npm warn tar TAR_ENTRY_ERROR ENOENT: no such file or directory, open 'c:\Users\conta\Desktop\RideCloudMoto\node_modules\eslint\lib\shared\option-utils.js'
npm warn tar TAR_ENTRY_ERROR ENOENT: no such file or directory, open 'c:\Users\conta\Desktop\RideCloudMoto\node_modules\eslint\lib\rules\utils\regular-expressions.js'
npm warn tar TAR_ENTRY_ERROR ENOENT: no such file or directory, open 'c:\Users\conta\Desktop\RideCloudMoto\node_modules\eslint\lib\shared\relative-module-resolver.js'
npm warn tar TAR_ENTRY_ERROR ENOENT: no such file or directory, open 'c:\Users\conta\Desktop\RideCloudMoto\node_modules\eslint\lib\linter\rule-fixer.js'
npm warn tar TAR_ENTRY_ERROR ENOENT: no such file or directory, open 'c:\Users\conta\Desktop\RideCloudMoto\node_modules\eslint\lib\linter\rules.js'
npm warn tar TAR_ENTRY_ERROR ENOENT: no such file or directory, open 'c:\Users\conta\Desktop\RideCloudMoto\node_modules\eslint\lib\shared\runtime-info.js'
npm warn tar TAR_ENTRY_ERROR ENOENT: no such file or directory, open 'c:\Users\conta\Desktop\RideCloudMoto\node_modules\eslint\lib\shared\serialization.js'
npm warn tar TAR_ENTRY_ERROR ENOENT: no such file or directory, open 'c:\Users\conta\Desktop\RideCloudMoto\node_modules\eslint\lib\shared\severity.js'
npm warn tar TAR_ENTRY_ERROR ENOENT: no such file or directory, open 'c:\Users\conta\Desktop\RideCloudMoto\node_modules\eslint\lib\linter\source-code-fixer.js'
npm warn tar TAR_ENTRY_ERROR ENOENT: no such file or directory, open 'c:\Users\conta\Desktop\RideCloudMoto\node_modules\eslint\lib\linter\source-code-traverser.js'
npm warn tar TAR_ENTRY_ERROR ENOENT: no such file or directory, open 'c:\Users\conta\Desktop\RideCloudMoto\node_modules\eslint\lib\linter\source-code-visitor.js'
npm warn tar TAR_ENTRY_ERROR ENOENT: no such file or directory, open 'c:\Users\conta\Desktop\RideCloudMoto\node_modules\eslint\lib\shared\stats.js'
npm warn tar TAR_ENTRY_ERROR ENOENT: no such file or directory, open 'c:\Users\conta\Desktop\RideCloudMoto\node_modules\eslint\lib\shared\string-utils.js'
npm warn tar TAR_ENTRY_ERROR ENOENT: no such file or directory, open 'c:\Users\conta\Desktop\RideCloudMoto\node_modules\eslint\lib\shared\text-table.js'
npm warn tar TAR_ENTRY_ERROR ENOENT: no such file or directory, open 'c:\Users\conta\Desktop\RideCloudMoto\node_modules\eslint\lib\linter\timing.js'
npm warn tar TAR_ENTRY_ERROR ENOENT: no such file or directory, open 'c:\Users\conta\Desktop\RideCloudMoto\node_modules\eslint\lib\shared\translate-cli-options.js'
npm warn tar TAR_ENTRY_ERROR ENOENT: no such file or directory, open 'c:\Users\conta\Desktop\RideCloudMoto\node_modules\eslint\lib\shared\traverser.js'
npm warn tar TAR_ENTRY_ERROR ENOENT: no such file or directory, open 'c:\Users\conta\Desktop\RideCloudMoto\node_modules\eslint\lib\linter\vfile.js'
npm warn tar TAR_ENTRY_ERROR ENOENT: no such file or directory, lstat 'c:\Users\conta\Desktop\RideCloudMoto\node_modules\next\dist\compiled\@babel\runtime\helpers'
npm warn tar TAR_ENTRY_ERROR ENOENT: no such file or directory, lstat 'c:\Users\conta\Desktop\RideCloudMoto\node_modules\next\dist\compiled\@babel\runtime\helpers'
npm warn tar TAR_ENTRY_ERROR ENOENT: no such file or directory, lstat 'c:\Users\conta\Desktop\RideCloudMoto\node_modules\next\dist\compiled\@babel\runtime\helpers'
npm warn tar TAR_ENTRY_ERROR ENOENT: no such file or directory, lstat 'c:\Users\conta\Desktop\RideCloudMoto\node_modules\next\dist\compiled\@babel\runtime\helpers'
npm warn tar TAR_ENTRY_ERROR ENOENT: no such file or directory, lstat 'c:\Users\conta\Desktop\RideCloudMoto\node_modules\next\dist\compiled\@babel\runtime\helpers'
npm warn tar TAR_ENTRY_ERROR ENOENT: no such file or directory, lstat 'c:\Users\conta\Desktop\RideCloudMoto\node_modules\next\dist\compiled\@babel\runtime\helpers'
npm warn tar TAR_ENTRY_ERROR ENOENT: no such file or directory, lstat 'c:\Users\conta\Desktop\RideCloudMoto\node_modules\next\dist\compiled\@babel\runtime\helpers'
npm warn tar TAR_ENTRY_ERROR ENOENT: no such file or directory, lstat 'c:\Users\conta\Desktop\RideCloudMoto\node_modules\next\dist\compiled\@babel\runtime\helpers'
npm warn tar TAR_ENTRY_ERROR ENOENT: no such file or directory, lstat 'c:\Users\conta\Desktop\RideCloudMoto\node_modules\next\dist\compiled\@babel\runtime\helpers'
npm warn tar TAR_ENTRY_ERROR ENOENT: no such file or directory, lstat 'c:\Users\conta\Desktop\RideCloudMoto\node_modules\next\dist\compiled\@babel\runtime\helpers'
npm warn tar TAR_ENTRY_ERROR ENOENT: no such file or directory, lstat 'c:\Users\conta\Desktop\RideCloudMoto\node_modules\next\dist\compiled\@babel\runtime\helpers'
npm warn tar TAR_ENTRY_ERROR ENOENT: no such file or directory, lstat 'c:\Users\conta\Desktop\RideCloudMoto\node_modules\next\dist\compiled\@babel\runtime\helpers'
npm warn tar TAR_ENTRY_ERROR ENOENT: no such file or directory, lstat 'c:\Users\conta\Desktop\RideCloudMoto\node_modules\next\dist\compiled\@babel\runtime\helpers'
npm warn tar TAR_ENTRY_ERROR ENOENT: no such file or directory, lstat 'c:\Users\conta\Desktop\RideCloudMoto\node_modules\next\dist\compiled\@babel\runtime\helpers'
npm warn tar TAR_ENTRY_ERROR ENOENT: no such file or directory, lstat 'c:\Users\conta\Desktop\RideCloudMoto\node_modules\next\dist\compiled\@babel\runtime\helpers'
npm warn tar TAR_ENTRY_ERROR ENOENT: no such file or directory, lstat 'c:\Users\conta\Desktop\RideCloudMoto\node_modules\next\dist\compiled\@babel\runtime\helpers'
npm warn tar TAR_ENTRY_ERROR ENOENT: no such file or directory, lstat 'c:\Users\conta\Desktop\RideCloudMoto\node_modules\next\dist\compiled\@babel\runtime\helpers'
npm warn tar TAR_ENTRY_ERROR ENOENT: no such file or directory, lstat 'c:\Users\conta\Desktop\RideCloudMoto\node_modules\next\dist\compiled\@babel\runtime\helpers'
npm warn tar TAR_ENTRY_ERROR ENOENT: no such file or directory, lstat 'c:\Users\conta\Desktop\RideCloudMoto\node_modules\next\dist\compiled\@babel\runtime\helpers'
npm warn tar TAR_ENTRY_ERROR ENOENT: no such file or directory, lstat 'c:\Users\conta\Desktop\RideCloudMoto\node_modules\next\dist\compiled\@babel\runtime\helpers'
npm warn tar TAR_ENTRY_ERROR ENOENT: no such file or directory, open 'c:\Users\conta\Desktop\RideCloudMoto\node_modules\next\dist\compiled\assert\assert.js'
npm warn tar TAR_ENTRY_ERROR ENOENT: no such file or directory, lstat 'c:\Users\conta\Desktop\RideCloudMoto\node_modules\next\dist\compiled\@babel\runtime\helpers'
npm warn tar TAR_ENTRY_ERROR ENOENT: no such file or directory, lstat 'c:\Users\conta\Desktop\RideCloudMoto\node_modules\next\dist\compiled\@babel\runtime\helpers'
npm warn tar TAR_ENTRY_ERROR ENOENT: no such file or directory, lstat 'c:\Users\conta\Desktop\RideCloudMoto\node_modules\next\dist\compiled\@babel\runtime\helpers'
npm warn tar TAR_ENTRY_ERROR ENOENT: no such file or directory, lstat 'c:\Users\conta\Desktop\RideCloudMoto\node_modules\next\dist\compiled\@babel\runtime\helpers'
npm warn tar TAR_ENTRY_ERROR ENOENT: no such file or directory, open 'c:\Users\conta\Desktop\RideCloudMoto\node_modules\next\dist\compiled\neo-async\async.js'
npm warn tar TAR_ENTRY_ERROR ENOENT: no such file or directory, lstat 'c:\Users\conta\Desktop\RideCloudMoto\node_modules\next\dist\compiled\@babel\runtime\helpers'
npm warn tar TAR_ENTRY_ERROR ENOENT: no such file or directory, lstat 'c:\Users\conta\Desktop\RideCloudMoto\node_modules\next\dist\compiled\@babel\runtime\helpers'
npm warn tar TAR_ENTRY_ERROR ENOENT: no such file or directory, lstat 'c:\Users\conta\Desktop\RideCloudMoto\node_modules\next\dist\compiled\@babel\runtime\helpers'
npm warn tar TAR_ENTRY_ERROR ENOENT: no such file or directory, lstat 'c:\Users\conta\Desktop\RideCloudMoto\node_modules\next\dist\compiled\@babel\runtime\helpers'
npm warn tar TAR_ENTRY_ERROR ENOENT: no such file or directory, lstat 'c:\Users\conta\Desktop\RideCloudMoto\node_modules\next\dist\compiled\@babel\runtime\helpers'
npm warn tar TAR_ENTRY_ERROR ENOENT: no such file or directory, lstat 'c:\Users\conta\Desktop\RideCloudMoto\node_modules\next\dist\compiled\@babel\runtime\helpers'
npm warn tar TAR_ENTRY_ERROR ENOENT: no such file or directory, lstat 'c:\Users\conta\Desktop\RideCloudMoto\node_modules\next\dist\compiled\@babel\runtime\helpers'
npm warn tar TAR_ENTRY_ERROR ENOENT: no such file or directory, lstat 'c:\Users\conta\Desktop\RideCloudMoto\node_modules\next\dist\compiled\@babel\runtime\helpers'
npm warn tar TAR_ENTRY_ERROR ENOENT: no such file or directory, lstat 'c:\Users\conta\Desktop\RideCloudMoto\node_modules\next\dist\compiled\@babel\runtime\helpers'
npm warn tar TAR_ENTRY_ERROR ENOENT: no such file or directory, lstat 'c:\Users\conta\Desktop\RideCloudMoto\node_modules\next\dist\compiled\@babel\runtime\helpers'
npm warn tar TAR_ENTRY_ERROR ENOENT: no such file or directory, open 'c:\Users\conta\Desktop\RideCloudMoto\node_modules\next\dist\bundle-analyzer\_next\static\chunks\b607dc4daafe934d.js'
npm warn tar TAR_ENTRY_ERROR ENOENT: no such file or directory, open 'c:\Users\conta\Desktop\RideCloudMoto\node_modules\next\dist\compiled\react-refresh\babel.js'
npm warn tar TAR_ENTRY_ERROR ENOENT: no such file or directory, open 'c:\Users\conta\Desktop\RideCloudMoto\node_modules\next\dist\compiled\webpack\BasicEvaluatedExpression.js'
npm warn tar TAR_ENTRY_ERROR ENOENT: no such file or directory, open 'c:\Users\conta\Desktop\RideCloudMoto\node_modules\next\dist\compiled\os-browserify\browser.js'
npm warn tar TAR_ENTRY_ERROR ENOENT: no such file or directory, open 'c:\Users\conta\Desktop\RideCloudMoto\node_modules\next\dist\compiled\process\browser.js'
npm warn tar TAR_ENTRY_ERROR ENOENT: no such file or directory, open 'c:\Users\conta\Desktop\RideCloudMoto\node_modules\next\dist\compiled\babel\bundle.js'
npm warn tar TAR_ENTRY_ERROR ENOENT: no such file or directory, open 'c:\Users\conta\Desktop\RideCloudMoto\node_modules\next\dist\compiled\terser\bundle.min.js'
npm warn tar TAR_ENTRY_ERROR ENOENT: no such file or directory, open 'c:\Users\conta\Desktop\RideCloudMoto\node_modules\next\dist\compiled\webpack\bundle5.js'
npm warn tar TAR_ENTRY_ERROR ENOENT: no such file or directory, lstat 'c:\Users\conta\Desktop\RideCloudMoto\node_modules\next\dist\compiled\@babel\runtime\helpers'
npm warn tar TAR_ENTRY_ERROR ENOENT: no such file or directory, lstat 'c:\Users\conta\Desktop\RideCloudMoto\node_modules\next\dist\compiled\@babel\runtime\helpers'
npm warn tar TAR_ENTRY_ERROR ENOENT: no such file or directory, lstat 'c:\Users\conta\Desktop\RideCloudMoto\node_modules\next\dist\compiled\@babel\runtime\helpers'
npm warn tar TAR_ENTRY_ERROR ENOENT: no such file or directory, lstat 'c:\Users\conta\Desktop\RideCloudMoto\node_modules\next\dist\compiled\@babel\runtime\helpers'
npm warn tar TAR_ENTRY_ERROR ENOENT: no such file or directory, lstat 'c:\Users\conta\Desktop\RideCloudMoto\node_modules\next\dist\compiled\@babel\runtime\helpers'
npm warn tar TAR_ENTRY_ERROR ENOENT: no such file or directory, lstat 'c:\Users\conta\Desktop\RideCloudMoto\node_modules\next\dist\compiled\@babel\runtime\helpers'
npm warn tar TAR_ENTRY_ERROR ENOENT: no such file or directory, open 'c:\Users\conta\Desktop\RideCloudMoto\node_modules\next\dist\compiled\mini-css-extract-plugin\cjs.js'
npm warn tar TAR_ENTRY_ERROR ENOENT: no such file or directory, open 'c:\Users\conta\Desktop\RideCloudMoto\node_modules\next\dist\compiled\sass-loader\cjs.js'
npm warn tar TAR_ENTRY_ERROR ENOENT: no such file or directory, lstat 'c:\Users\conta\Desktop\RideCloudMoto\node_modules\next\dist\compiled\@babel\runtime\helpers'
npm warn tar TAR_ENTRY_ERROR ENOENT: no such file or directory, lstat 'c:\Users\conta\Desktop\RideCloudMoto\node_modules\next\dist\compiled\@babel\runtime\helpers'
npm warn tar TAR_ENTRY_ERROR ENOENT: no such file or directory, lstat 'c:\Users\conta\Desktop\RideCloudMoto\node_modules\next\dist\compiled\@babel\runtime\helpers'
npm warn tar TAR_ENTRY_ERROR ENOENT: no such file or directory, lstat 'c:\Users\conta\Desktop\RideCloudMoto\node_modules\next\dist\compiled\@babel\runtime\helpers'
npm warn tar TAR_ENTRY_ERROR ENOENT: no such file or directory, lstat 'c:\Users\conta\Desktop\RideCloudMoto\node_modules\next\dist\compiled\@babel\runtime\helpers'
npm warn tar TAR_ENTRY_ERROR ENOENT: no such file or directory, lstat 'c:\Users\conta\Desktop\RideCloudMoto\node_modules\next\dist\compiled\@babel\runtime\helpers'
npm warn tar TAR_ENTRY_ERROR ENOENT: no such file or directory, lstat 'c:\Users\conta\Desktop\RideCloudMoto\node_modules\next\dist\compiled\@babel\runtime\helpers'
npm warn tar TAR_ENTRY_ERROR ENOENT: no such file or directory, lstat 'c:\Users\conta\Desktop\RideCloudMoto\node_modules\next\dist\compiled\@babel\runtime\helpers'
npm warn tar TAR_ENTRY_ERROR ENOENT: no such file or directory, lstat 'c:\Users\conta\Desktop\RideCloudMoto\node_modules\next\dist\compiled\@babel\runtime\helpers'
npm warn tar TAR_ENTRY_ERROR ENOENT: no such file or directory, lstat 'c:\Users\conta\Desktop\RideCloudMoto\node_modules\next\dist\compiled\@babel\runtime\helpers'
npm warn tar TAR_ENTRY_ERROR ENOENT: no such file or directory, lstat 'c:\Users\conta\Desktop\RideCloudMoto\node_modules\next\dist\compiled\@babel\runtime\helpers'
npm warn tar TAR_ENTRY_ERROR ENOENT: no such file or directory, lstat 'c:\Users\conta\Desktop\RideCloudMoto\node_modules\next\dist\compiled\@babel\runtime\helpers'
npm warn tar TAR_ENTRY_ERROR ENOENT: no such file or directory, lstat 'c:\Users\conta\Desktop\RideCloudMoto\node_modules\next\dist\compiled\@babel\runtime\helpers'
npm warn tar TAR_ENTRY_ERROR ENOENT: no such file or directory, lstat 'c:\Users\conta\Desktop\RideCloudMoto\node_modules\next\dist\compiled\@babel\runtime\helpers'
npm warn tar TAR_ENTRY_ERROR ENOENT: no such file or directory, lstat 'c:\Users\conta\Desktop\RideCloudMoto\node_modules\next\dist\compiled\@babel\runtime\helpers'
npm warn tar TAR_ENTRY_ERROR ENOENT: no such file or directory, lstat 'c:\Users\conta\Desktop\RideCloudMoto\node_modules\next\dist\compiled\@babel\runtime\helpers'
npm warn tar TAR_ENTRY_ERROR ENOENT: no such file or directory, lstat 'c:\Users\conta\Desktop\RideCloudMoto\node_modules\next\dist\compiled\@babel\runtime\helpers'
npm warn tar TAR_ENTRY_ERROR ENOENT: no such file or directory, lstat 'c:\Users\conta\Desktop\RideCloudMoto\node_modules\next\dist\compiled\@babel\runtime\helpers'
npm warn tar TAR_ENTRY_ERROR ENOENT: no such file or directory, lstat 'c:\Users\conta\Desktop\RideCloudMoto\node_modules\next\dist\compiled\@babel\runtime\helpers'
npm warn tar TAR_ENTRY_ERROR ENOENT: no such file or directory, lstat 'c:\Users\conta\Desktop\RideCloudMoto\node_modules\next\dist\compiled\@babel\runtime\helpers'
npm warn tar TAR_ENTRY_ERROR ENOENT: no such file or directory, lstat 'c:\Users\conta\Desktop\RideCloudMoto\node_modules\next\dist\compiled\@babel\runtime\helpers'
npm warn tar TAR_ENTRY_ERROR ENOENT: no such file or directory, lstat 'c:\Users\conta\Desktop\RideCloudMoto\node_modules\next\dist\compiled\@babel\runtime\helpers'
npm warn tar TAR_ENTRY_ERROR ENOENT: no such file or directory, lstat 'c:\Users\conta\Desktop\RideCloudMoto\node_modules\next\dist\compiled\@babel\runtime\helpers'
npm warn tar TAR_ENTRY_ERROR ENOENT: no such file or directory, lstat 'c:\Users\conta\Desktop\RideCloudMoto\node_modules\next\dist\compiled\@babel\runtime\helpers'
npm warn tar TAR_ENTRY_ERROR ENOENT: no such file or directory, lstat 'c:\Users\conta\Desktop\RideCloudMoto\node_modules\next\dist\compiled\@babel\runtime\helpers'
npm warn tar TAR_ENTRY_ERROR ENOENT: no such file or directory, lstat 'c:\Users\conta\Desktop\RideCloudMoto\node_modules\next\dist\compiled\@babel\runtime\helpers'
npm warn tar TAR_ENTRY_ERROR ENOENT: no such file or directory, lstat 'c:\Users\conta\Desktop\RideCloudMoto\node_modules\next\dist\compiled\@babel\runtime\helpers'
npm warn tar TAR_ENTRY_ERROR ENOENT: no such file or directory, lstat 'c:\Users\conta\Desktop\RideCloudMoto\node_modules\next\dist\compiled\@babel\runtime\helpers'
npm warn tar TAR_ENTRY_ERROR ENOENT: no such file or directory, lstat 'c:\Users\conta\Desktop\RideCloudMoto\node_modules\next\dist\compiled\@babel\runtime\helpers'
npm warn tar TAR_ENTRY_ERROR ENOENT: no such file or directory, lstat 'c:\Users\conta\Desktop\RideCloudMoto\node_modules\next\dist\compiled\@babel\runtime\helpers'
npm warn tar TAR_ENTRY_ERROR ENOENT: no such file or directory, lstat 'c:\Users\conta\Desktop\RideCloudMoto\node_modules\next\dist\compiled\@babel\runtime\helpers'
npm warn tar TAR_ENTRY_ERROR ENOENT: no such file or directory, lstat 'c:\Users\conta\Desktop\RideCloudMoto\node_modules\next\dist\compiled\@babel\runtime\helpers'
npm warn tar TAR_ENTRY_ERROR ENOENT: no such file or directory, lstat 'c:\Users\conta\Desktop\RideCloudMoto\node_modules\next\dist\compiled\@babel\runtime\helpers'
npm warn tar TAR_ENTRY_ERROR ENOENT: no such file or directory, lstat 'c:\Users\conta\Desktop\RideCloudMoto\node_modules\next\dist\compiled\@babel\runtime\helpers'
npm warn tar TAR_ENTRY_ERROR ENOENT: no such file or directory, lstat 'c:\Users\conta\Desktop\RideCloudMoto\node_modules\next\dist\compiled\@babel\runtime\helpers'
npm warn tar TAR_ENTRY_ERROR ENOENT: no such file or directory, lstat 'c:\Users\conta\Desktop\RideCloudMoto\node_modules\next\dist\compiled\@babel\runtime\helpers'
npm warn tar TAR_ENTRY_ERROR ENOENT: no such file or directory, lstat 'c:\Users\conta\Desktop\RideCloudMoto\node_modules\next\dist\compiled\@babel\runtime\helpers'
npm warn tar TAR_ENTRY_ERROR ENOENT: no such file or directory, lstat 'c:\Users\conta\Desktop\RideCloudMoto\node_modules\next\dist\compiled\@babel\runtime\helpers'
npm warn tar TAR_ENTRY_ERROR ENOENT: no such file or directory, lstat 'c:\Users\conta\Desktop\RideCloudMoto\node_modules\next\dist\compiled\@babel\runtime\helpers'
npm warn tar TAR_ENTRY_ERROR ENOENT: no such file or directory, lstat 'c:\Users\conta\Desktop\RideCloudMoto\node_modules\next\dist\compiled\@babel\runtime\helpers'
npm warn tar TAR_ENTRY_ERROR ENOENT: no such file or directory, lstat 'c:\Users\conta\Desktop\RideCloudMoto\node_modules\next\dist\compiled\@babel\runtime\helpers'
npm warn tar TAR_ENTRY_ERROR ENOENT: no such file or directory, lstat 'c:\Users\conta\Desktop\RideCloudMoto\node_modules\next\dist\compiled\@babel\runtime\helpers'
npm warn tar TAR_ENTRY_ERROR ENOENT: no such file or directory, lstat 'c:\Users\conta\Desktop\RideCloudMoto\node_modules\next\dist\compiled\@babel\runtime\helpers'
npm warn tar TAR_ENTRY_ERROR ENOENT: no such file or directory, lstat 'c:\Users\conta\Desktop\RideCloudMoto\node_modules\next\dist\compiled\@babel\runtime\helpers'
npm warn tar TAR_ENTRY_ERROR ENOENT: no such file or directory, lstat 'c:\Users\conta\Desktop\RideCloudMoto\node_modules\next\dist\compiled\@babel\runtime\helpers'
npm warn tar TAR_ENTRY_ERROR ENOENT: no such file or directory, lstat 'c:\Users\conta\Desktop\RideCloudMoto\node_modules\next\dist\compiled\@babel\runtime\helpers'
npm warn tar TAR_ENTRY_ERROR ENOENT: no such file or directory, lstat 'c:\Users\conta\Desktop\RideCloudMoto\node_modules\next\dist\compiled\@babel\runtime\helpers'
npm warn tar TAR_ENTRY_ERROR ENOENT: no such file or directory, lstat 'c:\Users\conta\Desktop\RideCloudMoto\node_modules\next\dist\compiled\@babel\runtime\helpers'
npm warn tar TAR_ENTRY_ERROR ENOENT: no such file or directory, lstat 'c:\Users\conta\Desktop\RideCloudMoto\node_modules\next\dist\compiled\@babel\runtime\helpers'
npm warn tar TAR_ENTRY_ERROR ENOENT: no such file or directory, lstat 'c:\Users\conta\Desktop\RideCloudMoto\node_modules\next\dist\compiled\@babel\runtime\helpers'
npm warn tar TAR_ENTRY_ERROR ENOENT: no such file or directory, lstat 'c:\Users\conta\Desktop\RideCloudMoto\node_modules\next\dist\compiled\@babel\runtime\helpers'
npm warn tar TAR_ENTRY_ERROR ENOENT: no such file or directory, lstat 'c:\Users\conta\Desktop\RideCloudMoto\node_modules\next\dist\compiled\@babel\runtime\helpers'
npm warn tar TAR_ENTRY_ERROR ENOENT: no such file or directory, open 'c:\Users\conta\Desktop\RideCloudMoto\node_modules\next\dist\compiled\react-server-dom-turbopack-experimental\client.browser.js'
npm warn tar TAR_ENTRY_ERROR ENOENT: no such file or directory, open 'c:\Users\conta\Desktop\RideCloudMoto\node_modules\next\dist\compiled\react-server-dom-turbopack\client.browser.js'
npm warn tar TAR_ENTRY_ERROR ENOENT: no such file or directory, open 'c:\Users\conta\Desktop\RideCloudMoto\node_modules\next\dist\compiled\react-server-dom-webpack-experimental\client.browser.js'
npm warn tar TAR_ENTRY_ERROR ENOENT: no such file or directory, open 'c:\Users\conta\Desktop\RideCloudMoto\node_modules\next\dist\compiled\react-server-dom-webpack\client.browser.js'
npm warn tar TAR_ENTRY_ERROR ENOENT: no such file or directory, open 'c:\Users\conta\Desktop\RideCloudMoto\node_modules\next\dist\compiled\react-server-dom-turbopack-experimental\client.edge.js'
npm warn tar TAR_ENTRY_ERROR ENOENT: no such file or directory, open 'c:\Users\conta\Desktop\RideCloudMoto\node_modules\next\dist\compiled\react-server-dom-turbopack\client.edge.js'
npm warn tar TAR_ENTRY_ERROR ENOENT: no such file or directory, open 'c:\Users\conta\Desktop\RideCloudMoto\node_modules\next\dist\compiled\react-server-dom-webpack-experimental\client.edge.js'
npm warn tar TAR_ENTRY_ERROR ENOENT: no such file or directory, open 'c:\Users\conta\Desktop\RideCloudMoto\node_modules\next\dist\compiled\react-server-dom-webpack\client.edge.js'
npm warn tar TAR_ENTRY_ERROR ENOENT: no such file or directory, open 'c:\Users\conta\Desktop\RideCloudMoto\node_modules\next\dist\compiled\react-dom-experimental\client.js'
npm warn tar TAR_ENTRY_ERROR ENOENT: no such file or directory, open 'c:\Users\conta\Desktop\RideCloudMoto\node_modules\next\dist\compiled\react-dom\client.js'
npm warn tar TAR_ENTRY_ERROR ENOENT: no such file or directory, open 'c:\Users\conta\Desktop\RideCloudMoto\node_modules\next\dist\compiled\react-server-dom-turbopack-experimental\client.js'
npm warn tar TAR_ENTRY_ERROR ENOENT: no such file or directory, open 'c:\Users\conta\Desktop\RideCloudMoto\node_modules\next\dist\compiled\react-server-dom-turbopack\client.js'
npm warn tar TAR_ENTRY_ERROR ENOENT: no such file or directory, open 'c:\Users\conta\Desktop\RideCloudMoto\node_modules\next\dist\compiled\react-server-dom-webpack-experimental\client.js'
npm warn tar TAR_ENTRY_ERROR ENOENT: no such file or directory, open 'c:\Users\conta\Desktop\RideCloudMoto\node_modules\next\dist\compiled\react-server-dom-webpack\client.js'
npm warn tar TAR_ENTRY_ERROR ENOENT: no such file or directory, open 'c:\Users\conta\Desktop\RideCloudMoto\node_modules\next\dist\compiled\react-server-dom-turbopack-experimental\client.node.js'
npm warn tar TAR_ENTRY_ERROR ENOENT: no such file or directory, open 'c:\Users\conta\Desktop\RideCloudMoto\node_modules\next\dist\compiled\react-server-dom-turbopack\client.node.js'
npm warn tar TAR_ENTRY_ERROR ENOENT: no such file or directory, open 'c:\Users\conta\Desktop\RideCloudMoto\node_modules\next\dist\compiled\react-server-dom-webpack-experimental\client.node.js'
npm warn tar TAR_ENTRY_ERROR ENOENT: no such file or directory, open 'c:\Users\conta\Desktop\RideCloudMoto\node_modules\next\dist\compiled\react-server-dom-webpack\client.node.js'
npm warn tar TAR_ENTRY_ERROR ENOENT: no such file or directory, open 'c:\Users\conta\Desktop\RideCloudMoto\node_modules\next\dist\compiled\react-dom-experimental\client.react-server.js'
npm warn tar TAR_ENTRY_ERROR ENOENT: no such file or directory, open 'c:\Users\conta\Desktop\RideCloudMoto\node_modules\next\dist\compiled\react-dom\client.react-server.js'
npm warn tar TAR_ENTRY_ERROR ENOENT: no such file or directory, open 'c:\Users\conta\Desktop\RideCloudMoto\node_modules\next\dist\compiled\react-experimental\compiler-runtime.js'
npm warn tar TAR_ENTRY_ERROR ENOENT: no such file or directory, open 'c:\Users\conta\Desktop\RideCloudMoto\node_modules\next\dist\compiled\react\compiler-runtime.js'
npm warn tar TAR_ENTRY_ERROR ENOENT: no such file or directory, lstat 'c:\Users\conta\Desktop\RideCloudMoto\node_modules\next\dist\compiled\@babel\runtime\helpers'
npm warn tar TAR_ENTRY_ERROR ENOENT: no such file or directory, lstat 'c:\Users\conta\Desktop\RideCloudMoto\node_modules\next\dist\compiled\@babel\runtime\helpers'
npm warn tar TAR_ENTRY_ERROR ENOENT: no such file or directory, open 'c:\Users\conta\Desktop\RideCloudMoto\node_modules\next\dist\compiled\babel\core-lib-block-hoist-plugin.js'
npm warn tar TAR_ENTRY_ERROR ENOENT: no such file or directory, open 'c:\Users\conta\Desktop\RideCloudMoto\node_modules\next\dist\compiled\babel\core-lib-config.js'
npm warn tar TAR_ENTRY_ERROR ENOENT: no such file or directory, open 'c:\Users\conta\Desktop\RideCloudMoto\node_modules\next\dist\compiled\babel\core-lib-normalize-file.js'
npm warn tar TAR_ENTRY_ERROR ENOENT: no such file or directory, open 'c:\Users\conta\Desktop\RideCloudMoto\node_modules\next\dist\compiled\babel\core-lib-normalize-opts.js'
npm warn tar TAR_ENTRY_ERROR ENOENT: no such file or directory, open 'c:\Users\conta\Desktop\RideCloudMoto\node_modules\next\dist\compiled\babel\core-lib-plugin-pass.js'
npm warn tar TAR_ENTRY_ERROR ENOENT: no such file or directory, open 'c:\Users\conta\Desktop\RideCloudMoto\node_modules\next\dist\compiled\babel\core.js'
npm warn tar TAR_ENTRY_ERROR ENOENT: no such file or directory, lstat 'c:\Users\conta\Desktop\RideCloudMoto\node_modules\next\dist\compiled\@babel\runtime\helpers'
npm warn tar TAR_ENTRY_ERROR ENOENT: no such file or directory, lstat 'c:\Users\conta\Desktop\RideCloudMoto\node_modules\next\dist\compiled\@babel\runtime\helpers'
npm warn tar TAR_ENTRY_ERROR ENOENT: no such file or directory, lstat 'c:\Users\conta\Desktop\RideCloudMoto\node_modules\next\dist\compiled\@babel\runtime\helpers'
npm warn tar TAR_ENTRY_ERROR ENOENT: no such file or directory, lstat 'c:\Users\conta\Desktop\RideCloudMoto\node_modules\next\dist\compiled\@babel\runtime\helpers'
npm warn tar TAR_ENTRY_ERROR ENOENT: no such file or directory, lstat 'c:\Users\conta\Desktop\RideCloudMoto\node_modules\next\dist\compiled\@babel\runtime\helpers'
npm warn tar TAR_ENTRY_ERROR ENOENT: no such file or directory, lstat 'c:\Users\conta\Desktop\RideCloudMoto\node_modules\next\dist\compiled\@babel\runtime\helpers'
npm warn tar TAR_ENTRY_ERROR ENOENT: no such file or directory, lstat 'c:\Users\conta\Desktop\RideCloudMoto\node_modules\next\dist\compiled\@babel\runtime\helpers'
npm warn tar TAR_ENTRY_ERROR ENOENT: no such file or directory, lstat 'c:\Users\conta\Desktop\RideCloudMoto\node_modules\next\dist\compiled\@babel\runtime\helpers'
npm warn tar TAR_ENTRY_ERROR ENOENT: no such file or directory, lstat 'c:\Users\conta\Desktop\RideCloudMoto\node_modules\next\dist\compiled\@babel\runtime\helpers'
npm warn tar TAR_ENTRY_ERROR ENOENT: no such file or directory, lstat 'c:\Users\conta\Desktop\RideCloudMoto\node_modules\next\dist\compiled\@babel\runtime\helpers'
npm warn tar TAR_ENTRY_ERROR ENOENT: no such file or directory, lstat 'c:\Users\conta\Desktop\RideCloudMoto\node_modules\next\dist\compiled\@babel\runtime\helpers'
npm warn tar TAR_ENTRY_ERROR ENOENT: no such file or directory, lstat 'c:\Users\conta\Desktop\RideCloudMoto\node_modules\next\dist\compiled\@babel\runtime\helpers'
npm warn tar TAR_ENTRY_ERROR ENOENT: no such file or directory, lstat 'c:\Users\conta\Desktop\RideCloudMoto\node_modules\next\dist\compiled\@babel\runtime\helpers'
npm warn tar TAR_ENTRY_ERROR ENOENT: no such file or directory, lstat 'c:\Users\conta\Desktop\RideCloudMoto\node_modules\next\dist\compiled\@babel\runtime\helpers'
npm warn tar TAR_ENTRY_ERROR ENOENT: no such file or directory, lstat 'c:\Users\conta\Desktop\RideCloudMoto\node_modules\next\dist\compiled\@babel\runtime\helpers'
npm warn tar TAR_ENTRY_ERROR ENOENT: no such file or directory, lstat 'c:\Users\conta\Desktop\RideCloudMoto\node_modules\next\dist\compiled\@babel\runtime\helpers'
npm warn tar TAR_ENTRY_ERROR ENOENT: no such file or directory, lstat 'c:\Users\conta\Desktop\RideCloudMoto\node_modules\next\dist\compiled\@babel\runtime\helpers'
npm warn tar TAR_ENTRY_ERROR ENOENT: no such file or directory, lstat 'c:\Users\conta\Desktop\RideCloudMoto\node_modules\next\dist\compiled\@babel\runtime\helpers'
npm warn tar TAR_ENTRY_ERROR ENOENT: no such file or directory, open 'c:\Users\conta\Desktop\RideCloudMoto\node_modules\next\dist\compiled\devalue\devalue.umd.js'
npm warn tar TAR_ENTRY_ERROR ENOENT: no such file or directory, lstat 'c:\Users\conta\Desktop\RideCloudMoto\node_modules\next\dist\compiled\@babel\runtime\helpers'
npm warn tar TAR_ENTRY_ERROR ENOENT: no such file or directory, lstat 'c:\Users\conta\Desktop\RideCloudMoto\node_modules\next\dist\compiled\@babel\runtime\helpers'
npm warn tar TAR_ENTRY_ERROR ENOENT: no such file or directory, open 'c:\Users\conta\Desktop\RideCloudMoto\node_modules\next\dist\compiled\babel\eslint-parser.js'
npm warn tar TAR_ENTRY_ERROR ENOENT: no such file or directory, open 'c:\Users\conta\Desktop\RideCloudMoto\node_modules\next\dist\compiled\events\events.js'
npm warn tar TAR_ENTRY_ERROR ENOENT: no such file or directory, lstat 'c:\Users\conta\Desktop\RideCloudMoto\node_modules\next\dist\compiled\@babel\runtime\helpers'
npm warn tar TAR_ENTRY_ERROR ENOENT: no such file or directory, lstat 'c:\Users\conta\Desktop\RideCloudMoto\node_modules\next\dist\compiled\@babel\runtime\helpers'
npm warn tar TAR_ENTRY_ERROR ENOENT: no such file or directory, open 'c:\Users\conta\Desktop\RideCloudMoto\node_modules\next\dist\compiled\webpack\ExternalsPlugin.js'
npm warn tar TAR_ENTRY_ERROR ENOENT: no such file or directory, open 'c:\Users\conta\Desktop\RideCloudMoto\node_modules\next\dist\compiled\webpack\FetchCompileAsyncWasmPlugin.js'
npm warn tar TAR_ENTRY_ERROR ENOENT: no such file or directory, open 'c:\Users\conta\Desktop\RideCloudMoto\node_modules\next\dist\compiled\webpack\FetchCompileWasmPlugin.js'
npm warn tar TAR_ENTRY_ERROR ENOENT: no such file or directory, open 'c:\Users\conta\Desktop\RideCloudMoto\node_modules\next\dist\compiled\webpack\FetchCompileWasmTemplatePlugin.js'
npm warn tar TAR_ENTRY_ERROR ENOENT: no such file or directory, open 'c:\Users\conta\Desktop\RideCloudMoto\node_modules\next\dist\compiled\babel\generator.js'
npm warn tar TAR_ENTRY_ERROR ENOENT: no such file or directory, lstat 'c:\Users\conta\Desktop\RideCloudMoto\node_modules\next\dist\compiled\@babel\runtime\helpers'
npm warn tar TAR_ENTRY_ERROR ENOENT: no such file or directory, lstat 'c:\Users\conta\Desktop\RideCloudMoto\node_modules\next\dist\compiled\@babel\runtime\helpers'
npm warn tar TAR_ENTRY_ERROR ENOENT: no such file or directory, lstat 'c:\Users\conta\Desktop\RideCloudMoto\node_modules\next\dist\compiled\@babel\runtime\helpers'
npm warn tar TAR_ENTRY_ERROR ENOENT: no such file or directory, lstat 'c:\Users\conta\Desktop\RideCloudMoto\node_modules\next\dist\compiled\@babel\runtime\helpers'
npm warn tar TAR_ENTRY_ERROR ENOENT: no such file or directory, open 'c:\Users\conta\Desktop\RideCloudMoto\node_modules\next\dist\compiled\glob\glob.js'
npm warn tar TAR_ENTRY_ERROR ENOENT: no such file or directory, open 'c:\Users\conta\Desktop\RideCloudMoto\node_modules\next\dist\compiled\webpack\GraphHelpers.js'
npm warn tar TAR_ENTRY_ERROR ENOENT: no such file or directory, lstat 'c:\Users\conta\Desktop\RideCloudMoto\node_modules\next\dist\compiled\mini-css-extract-plugin\hmr'
npm warn tar TAR_ENTRY_ERROR ENOENT: no such file or directory, open 'c:\Users\conta\Desktop\RideCloudMoto\node_modules\next\dist\compiled\webpack\HotModuleReplacement.runtime.js'
npm warn tar TAR_ENTRY_ERROR ENOENT: no such file or directory, lstat 'c:\Users\conta\Desktop\RideCloudMoto\node_modules\next\dist\compiled\@babel\runtime\helpers'
npm warn tar TAR_ENTRY_ERROR ENOENT: no such file or directory, lstat 'c:\Users\conta\Desktop\RideCloudMoto\node_modules\next\dist\compiled\@babel\runtime\helpers'
npm warn tar TAR_ENTRY_ERROR ENOENT: no such file or directory, lstat 'c:\Users\conta\Desktop\RideCloudMoto\node_modules\next\dist\compiled\@babel\runtime\helpers'
npm warn tar TAR_ENTRY_ERROR ENOENT: no such file or directory, lstat 'c:\Users\conta\Desktop\RideCloudMoto\node_modules\next\dist\compiled\@babel\runtime\helpers'
npm warn tar TAR_ENTRY_ERROR ENOENT: no such file or directory, open 'c:\Users\conta\Desktop\RideCloudMoto\node_modules\next\dist\compiled\@vercel\og\index.edge.js'
npm warn tar TAR_ENTRY_ERROR ENOENT: no such file or directory, lstat 'c:\Users\conta\Desktop\RideCloudMoto\node_modules\next\dist\compiled\@babel\runtime\regenerator'
npm warn tar TAR_ENTRY_ERROR ENOENT: no such file or directory, open 'c:\Users\conta\Desktop\RideCloudMoto\node_modules\next\dist\compiled\@hapi\accept\index.js'
npm warn tar TAR_ENTRY_ERROR ENOENT: no such file or directory, open 'c:\Users\conta\Desktop\RideCloudMoto\node_modules\next\dist\compiled\@mswjs\interceptors\ClientRequest\index.js'
npm warn tar TAR_ENTRY_ERROR ENOENT: no such file or directory, open 'c:\Users\conta\Desktop\RideCloudMoto\node_modules\next\dist\compiled\@napi-rs\triples\index.js'
npm warn tar TAR_ENTRY_ERROR ENOENT: no such file or directory, open 'c:\Users\conta\Desktop\RideCloudMoto\node_modules\next\dist\compiled\@opentelemetry\api\index.js'
npm warn tar TAR_ENTRY_ERROR ENOENT: no such file or directory, open 'c:\Users\conta\Desktop\RideCloudMoto\node_modules\next\dist\compiled\@vercel\nft\index.js'
npm warn tar TAR_ENTRY_ERROR ENOENT: no such file or directory, open 'c:\Users\conta\Desktop\RideCloudMoto\node_modules\next\dist\compiled\anser\index.js'
npm warn tar TAR_ENTRY_ERROR ENOENT: no such file or directory, open 'c:\Users\conta\Desktop\RideCloudMoto\node_modules\next\dist\compiled\async-retry\index.js'
npm warn tar TAR_ENTRY_ERROR ENOENT: no such file or directory, open 'c:\Users\conta\Desktop\RideCloudMoto\node_modules\next\dist\compiled\async-sema\index.js'
npm warn tar TAR_ENTRY_ERROR ENOENT: no such file or directory, open 'c:\Users\conta\Desktop\RideCloudMoto\node_modules\next\dist\compiled\browserify-zlib\index.js'
npm warn tar TAR_ENTRY_ERROR ENOENT: no such file or directory, open 'c:\Users\conta\Desktop\RideCloudMoto\node_modules\next\dist\compiled\browserslist\index.js'
npm warn tar TAR_ENTRY_ERROR ENOENT: no such file or directory, open 'c:\Users\conta\Desktop\RideCloudMoto\node_modules\next\dist\compiled\buffer\index.js'
npm warn tar TAR_ENTRY_ERROR ENOENT: no such file or directory, open 'c:\Users\conta\Desktop\RideCloudMoto\node_modules\next\dist\compiled\busboy\index.js'
npm warn tar TAR_ENTRY_ERROR ENOENT: no such file or directory, open 'c:\Users\conta\Desktop\RideCloudMoto\node_modules\next\dist\compiled\bytes\index.js'
npm warn tar TAR_ENTRY_ERROR ENOENT: no such file or directory, open 'c:\Users\conta\Desktop\RideCloudMoto\node_modules\next\dist\compiled\ci-info\index.js'
npm warn tar TAR_ENTRY_ERROR ENOENT: no such file or directory, open 'c:\Users\conta\Desktop\RideCloudMoto\node_modules\next\dist\compiled\cli-select\index.js'
npm warn tar TAR_ENTRY_ERROR ENOENT: no such file or directory, open 'c:\Users\conta\Desktop\RideCloudMoto\node_modules\next\dist\compiled\commander\index.js'
npm warn tar TAR_ENTRY_ERROR ENOENT: no such file or directory, open 'c:\Users\conta\Desktop\RideCloudMoto\node_modules\next\dist\compiled\comment-json\index.js'
npm warn tar TAR_ENTRY_ERROR ENOENT: no such file or directory, open 'c:\Users\conta\Desktop\RideCloudMoto\node_modules\next\dist\compiled\compression\index.js'
npm warn tar TAR_ENTRY_ERROR ENOENT: no such file or directory, open 'c:\Users\conta\Desktop\RideCloudMoto\node_modules\next\dist\compiled\conf\index.js'
npm warn tar TAR_ENTRY_ERROR ENOENT: no such file or directory, open 'c:\Users\conta\Desktop\RideCloudMoto\node_modules\next\dist\compiled\content-disposition\index.js'
npm warn tar TAR_ENTRY_ERROR ENOENT: no such file or directory, open 'c:\Users\conta\Desktop\RideCloudMoto\node_modules\next\dist\compiled\content-type\index.js'
npm warn tar TAR_ENTRY_ERROR ENOENT: no such file or directory, open 'c:\Users\conta\Desktop\RideCloudMoto\node_modules\next\dist\compiled\cookie\index.js'
npm warn tar TAR_ENTRY_ERROR ENOENT: no such file or directory, open 'c:\Users\conta\Desktop\RideCloudMoto\node_modules\next\dist\compiled\cross-spawn\index.js'
npm warn tar TAR_ENTRY_ERROR ENOENT: no such file or directory, open 'c:\Users\conta\Desktop\RideCloudMoto\node_modules\next\dist\compiled\crypto-browserify\index.js'
npm warn tar TAR_ENTRY_ERROR ENOENT: no such file or directory, open 'c:\Users\conta\Desktop\RideCloudMoto\node_modules\next\dist\compiled\next-server\app-page-experimental.runtime.prod.js.map'
npm warn tar TAR_ENTRY_ERROR ENOENT: no such file or directory, open 'c:\Users\conta\Desktop\RideCloudMoto\node_modules\next\dist\esm\server\normalizers\built\app\app-page-normalizer.js.map'
npm warn tar TAR_ENTRY_ERROR ENOENT: no such file or directory, open 'c:\Users\conta\Desktop\RideCloudMoto\node_modules\next\dist\server\normalizers\built\app\app-page-normalizer.js.map'
npm warn tar TAR_ENTRY_ERROR ENOENT: no such file or directory, open 'c:\Users\conta\Desktop\RideCloudMoto\node_modules\next\dist\esm\server\route-definitions\app-page-route-definition.js.map'
npm warn tar TAR_ENTRY_ERROR ENOENT: no such file or directory, open 'c:\Users\conta\Desktop\RideCloudMoto\node_modules\next\dist\server\route-definitions\app-page-route-definition.js.map'
npm warn tar TAR_ENTRY_ERROR ENOENT: no such file or directory, open 'c:\Users\conta\Desktop\RideCloudMoto\node_modules\next\dist\esm\server\route-matches\app-page-route-match.js.map'
npm warn tar TAR_ENTRY_ERROR ENOENT: no such file or directory, open 'c:\Users\conta\Desktop\RideCloudMoto\node_modules\next\dist\server\route-matches\app-page-route-match.js.map'
npm warn tar TAR_ENTRY_ERROR ENOENT: no such file or directory, open 'c:\Users\conta\Desktop\RideCloudMoto\node_modules\next\dist\esm\server\route-matcher-providers\app-page-route-matcher-provider.js.map'
npm warn tar TAR_ENTRY_ERROR ENOENT: no such file or directory, open 'c:\Users\conta\Desktop\RideCloudMoto\node_modules\next\dist\server\route-matcher-providers\app-page-route-matcher-provider.js.map'
npm warn tar TAR_ENTRY_ERROR ENOENT: no such file or directory, open 'c:\Users\conta\Desktop\RideCloudMoto\node_modules\next\dist\esm\server\route-matchers\app-page-route-matcher.js.map'
npm warn tar TAR_ENTRY_ERROR ENOENT: no such file or directory, open 'c:\Users\conta\Desktop\RideCloudMoto\node_modules\next\dist\server\route-matchers\app-page-route-matcher.js.map'
npm warn tar TAR_ENTRY_ERROR ENOENT: no such file or directory, open 'c:\Users\conta\Desktop\RideCloudMoto\node_modules\next\dist\compiled\next-server\app-page-turbo-experimental.runtime.dev.js.map'
npm warn tar TAR_ENTRY_ERROR ENOENT: no such file or directory, open 'c:\Users\conta\Desktop\RideCloudMoto\node_modules\next\dist\compiled\next-server\app-page-turbo-experimental.runtime.prod.js.map'
npm warn tar TAR_ENTRY_ERROR ENOENT: no such file or directory, open 'c:\Users\conta\Desktop\RideCloudMoto\node_modules\next\dist\compiled\next-server\app-page-turbo.runtime.dev.js.map'
npm warn tar TAR_ENTRY_ERROR ENOENT: no such file or directory, open 'c:\Users\conta\Desktop\RideCloudMoto\node_modules\next\dist\compiled\next-server\app-page-turbo.runtime.prod.js.map'
npm warn tar TAR_ENTRY_ERROR ENOENT: no such file or directory, open 'c:\Users\conta\Desktop\RideCloudMoto\node_modules\next\dist\build\templates\app-page.js.map'
npm warn tar TAR_ENTRY_ERROR ENOENT: no such file or directory, open 'c:\Users\conta\Desktop\RideCloudMoto\node_modules\next\dist\esm\build\templates\app-page.js.map'
npm warn tar TAR_ENTRY_ERROR ENOENT: no such file or directory, open 'c:\Users\conta\Desktop\RideCloudMoto\node_modules\next\dist\esm\export\routes\app-page.js.map'
npm warn tar TAR_ENTRY_ERROR ENOENT: no such file or directory, open 'c:\Users\conta\Desktop\RideCloudMoto\node_modules\next\dist\export\routes\app-page.js.map'
npm warn tar TAR_ENTRY_ERROR ENOENT: no such file or directory, open 'c:\Users\conta\Desktop\RideCloudMoto\node_modules\next\dist\compiled\next-server\app-page.runtime.dev.js.map'
npm warn tar TAR_ENTRY_ERROR ENOENT: no such file or directory, open 'c:\Users\conta\Desktop\RideCloudMoto\node_modules\next\dist\compiled\next-server\app-page.runtime.prod.js.map'
npm warn tar TAR_ENTRY_ERROR ENOENT: no such file or directory, open 'c:\Users\conta\Desktop\RideCloudMoto\node_modules\next\dist\esm\server\normalizers\built\app\app-pathname-normalizer.js.map'
npm warn tar TAR_ENTRY_ERROR ENOENT: no such file or directory, open 'c:\Users\conta\Desktop\RideCloudMoto\node_modules\next\dist\server\normalizers\built\app\app-pathname-normalizer.js.map'
npm warn tar TAR_ENTRY_ERROR ENOENT: no such file or directory, open 'c:\Users\conta\Desktop\RideCloudMoto\node_modules\next\dist\esm\shared\lib\router\utils\app-paths.js.map'
npm warn tar TAR_ENTRY_ERROR ENOENT: no such file or directory, open 'c:\Users\conta\Desktop\RideCloudMoto\node_modules\next\dist\shared\lib\router\utils\app-paths.js.map'
npm warn tar TAR_ENTRY_ERROR ENOENT: no such file or directory, open 'c:\Users\conta\Desktop\RideCloudMoto\node_modules\next\dist\esm\server\app-render\app-render-prerender-utils.js.map'
npm warn tar TAR_ENTRY_ERROR ENOENT: no such file or directory, open 'c:\Users\conta\Desktop\RideCloudMoto\node_modules\next\dist\server\app-render\app-render-prerender-utils.js.map'
npm warn tar TAR_ENTRY_ERROR ENOENT: no such file or directory, open 'c:\Users\conta\Desktop\RideCloudMoto\node_modules\next\dist\esm\server\app-render\app-render-render-utils.js.map'
npm warn tar TAR_ENTRY_ERROR ENOENT: no such file or directory, open 'c:\Users\conta\Desktop\RideCloudMoto\node_modules\next\dist\server\app-render\app-render-render-utils.js.map'
npm warn tar TAR_ENTRY_ERROR ENOENT: no such file or directory, open 'c:\Users\conta\Desktop\RideCloudMoto\node_modules\next\dist\esm\server\app-render\app-render-scheduling.js.map'
npm warn tar TAR_ENTRY_ERROR ENOENT: no such file or directory, open 'c:\Users\conta\Desktop\RideCloudMoto\node_modules\next\dist\server\app-render\app-render-scheduling.js.map'
npm warn tar TAR_ENTRY_ERROR ENOENT: no such file or directory, open 'c:\Users\conta\Desktop\RideCloudMoto\node_modules\next\dist\esm\server\app-render\app-render.js.map'
npm warn tar TAR_ENTRY_ERROR ENOENT: no such file or directory, open 'c:\Users\conta\Desktop\RideCloudMoto\node_modules\next\dist\server\app-render\app-render.js.map'
npm warn tar TAR_ENTRY_ERROR ENOENT: no such file or directory, open 'c:\Users\conta\Desktop\RideCloudMoto\node_modules\next\dist\compiled\next-server\app-route-experimental.runtime.dev.js.map'
npm warn tar TAR_ENTRY_ERROR ENOENT: no such file or directory, open 'c:\Users\conta\Desktop\RideCloudMoto\node_modules\next\dist\compiled\next-server\app-route-experimental.runtime.prod.js.map'
npm warn tar TAR_ENTRY_ERROR ENOENT: no such file or directory, open 'c:\Users\conta\Desktop\RideCloudMoto\node_modules\next\dist\esm\server\route-definitions\app-route-route-definition.js.map'
npm warn tar TAR_ENTRY_ERROR ENOENT: no such file or directory, open 'c:\Users\conta\Desktop\RideCloudMoto\node_modules\next\dist\server\route-definitions\app-route-route-definition.js.map'
npm warn tar TAR_ENTRY_ERROR ENOENT: no such file or directory, open 'c:\Users\conta\Desktop\RideCloudMoto\node_modules\next\dist\esm\server\route-matches\app-route-route-match.js.map'
npm warn tar TAR_ENTRY_ERROR ENOENT: no such file or directory, open 'c:\Users\conta\Desktop\RideCloudMoto\node_modules\next\dist\server\route-matches\app-route-route-match.js.map'
npm warn tar TAR_ENTRY_ERROR ENOENT: no such file or directory, open 'c:\Users\conta\Desktop\RideCloudMoto\node_modules\next\dist\esm\server\route-matcher-providers\app-route-route-matcher-provider.js.map'
npm warn tar TAR_ENTRY_ERROR ENOENT: no such file or directory, open 'c:\Users\conta\Desktop\RideCloudMoto\node_modules\next\dist\server\route-matcher-providers\app-route-route-matcher-provider.js.map'
npm warn tar TAR_ENTRY_ERROR ENOENT: no such file or directory, open 'c:\Users\conta\Desktop\RideCloudMoto\node_modules\next\dist\esm\server\route-matchers\app-route-route-matcher.js.map'
npm warn tar TAR_ENTRY_ERROR ENOENT: no such file or directory, open 'c:\Users\conta\Desktop\RideCloudMoto\node_modules\next\dist\server\route-matchers\app-route-route-matcher.js.map'
npm warn tar TAR_ENTRY_ERROR ENOENT: no such file or directory, open 'c:\Users\conta\Desktop\RideCloudMoto\node_modules\next\dist\compiled\next-server\app-route-turbo-experimental.runtime.dev.js.map'
npm error code ECONNRESET
npm error syscall read
npm error errno -4077
npm error network read ECONNRESET
npm error network This is a problem related to network connectivity.
npm error network In most cases you are behind a proxy or have bad network settings.
npm error network
npm error network If you are behind a proxy, please make sure that the
npm error network 'proxy' config is set properly.  See: 'npm help config'
npm error A complete log of this run can be found in: C:\Users\conta\AppData\Local\Temp\cursor-sandbox-cache\96ac41dfdd6b75156ac2c95cabb44b07\npm\_logs\2026-06-17T17_52_43_575Z-debug-0.log
