Progress: resolved 1, reused 0, downloaded 0, added 0
Progress: resolved 14, reused 0, downloaded 0, added 0

   ╭──────────────────────────────────────────────────────────────────╮
   │                                                                  │
   │                Update available! 9.15.0 → 11.7.0.                │
   │   Changelog: https://github.com/pnpm/pnpm/releases/tag/v11.7.0   │
   │         Run "corepack install -g pnpm@11.7.0" to update.         │
   │                                                                  │
   ╰──────────────────────────────────────────────────────────────────╯

Progress: resolved 19, reused 0, downloaded 12, added 0
Progress: resolved 26, reused 0, downloaded 17, added 0
Progress: resolved 29, reused 0, downloaded 21, added 0
Progress: resolved 31, reused 0, downloaded 24, added 0
Progress: resolved 32, reused 0, downloaded 27, added 0
Progress: resolved 32, reused 0, downloaded 28, added 0
Progress: resolved 33, reused 0, downloaded 28, added 0
Progress: resolved 33, reused 0, downloaded 29, added 0
Progress: resolved 33, reused 0, downloaded 30, added 0
Progress: resolved 34, reused 0, downloaded 30, added 0
Progress: resolved 34, reused 0, downloaded 31, added 0
Progress: resolved 35, reused 0, downloaded 31, added 0
Progress: resolved 47, reused 0, downloaded 32, added 0
Progress: resolved 61, reused 0, downloaded 48, added 0
Progress: resolved 76, reused 0, downloaded 60, added 0
Progress: resolved 80, reused 0, downloaded 67, added 0
Progress: resolved 89, reused 0, downloaded 73, added 0
Progress: resolved 94, reused 0, downloaded 79, added 0
Progress: resolved 102, reused 0, downloaded 89, added 0
Progress: resolved 111, reused 0, downloaded 91, added 0
Progress: resolved 114, reused 0, downloaded 101, added 0
Progress: resolved 121, reused 0, downloaded 106, added 0
Progress: resolved 127, reused 0, downloaded 110, added 0
Progress: resolved 135, reused 0, downloaded 117, added 0
Progress: resolved 137, reused 0, downloaded 122, added 0
Progress: resolved 143, reused 0, downloaded 127, added 0
Progress: resolved 145, reused 0, downloaded 131, added 0
Progress: resolved 149, reused 0, downloaded 133, added 0
Progress: resolved 153, reused 0, downloaded 138, added 0
Progress: resolved 156, reused 0, downloaded 139, added 0
Progress: resolved 161, reused 0, downloaded 143, added 0
Progress: resolved 163, reused 0, downloaded 145, added 0
Progress: resolved 164, reused 0, downloaded 148, added 0
Progress: resolved 168, reused 0, downloaded 151, added 0
Progress: resolved 172, reused 0, downloaded 155, added 0
Progress: resolved 174, reused 0, downloaded 158, added 0
Progress: resolved 176, reused 0, downloaded 160, added 0
Progress: resolved 176, reused 0, downloaded 163, added 0
Progress: resolved 179, reused 0, downloaded 163, added 0
Progress: resolved 185, reused 0, downloaded 170, added 0
Progress: resolved 190, reused 0, downloaded 174, added 0
Progress: resolved 195, reused 0, downloaded 180, added 0
Progress: resolved 199, reused 0, downloaded 181, added 0
Progress: resolved 203, reused 0, downloaded 183, added 0
Progress: resolved 207, reused 0, downloaded 188, added 0
Progress: resolved 209, reused 0, downloaded 191, added 0
Progress: resolved 214, reused 0, downloaded 197, added 0
Progress: resolved 217, reused 0, downloaded 199, added 0
Progress: resolved 226, reused 0, downloaded 204, added 0
Progress: resolved 228, reused 0, downloaded 208, added 0
Progress: resolved 238, reused 0, downloaded 215, added 0
Progress: resolved 248, reused 0, downloaded 221, added 0
Progress: resolved 251, reused 0, downloaded 227, added 0
Progress: resolved 256, reused 0, downloaded 230, added 0
Progress: resolved 263, reused 0, downloaded 235, added 0
Progress: resolved 273, reused 0, downloaded 241, added 0
Progress: resolved 275, reused 0, downloaded 247, added 0
Progress: resolved 278, reused 0, downloaded 249, added 0
Progress: resolved 280, reused 0, downloaded 251, added 0
Progress: resolved 283, reused 0, downloaded 254, added 0
Progress: resolved 286, reused 0, downloaded 258, added 0
Progress: resolved 291, reused 0, downloaded 261, added 0
Progress: resolved 295, reused 0, downloaded 265, added 0
Progress: resolved 300, reused 0, downloaded 269, added 0
Progress: resolved 302, reused 0, downloaded 270, added 0
Progress: resolved 303, reused 0, downloaded 274, added 0
Progress: resolved 305, reused 0, downloaded 275, added 0
Progress: resolved 308, reused 0, downloaded 278, added 0
Progress: resolved 312, reused 0, downloaded 281, added 0
Progress: resolved 313, reused 0, downloaded 283, added 0
Progress: resolved 319, reused 0, downloaded 285, added 0
Progress: resolved 322, reused 0, downloaded 291, added 0
Progress: resolved 331, reused 0, downloaded 292, added 0
Progress: resolved 343, reused 0, downloaded 293, added 0
Progress: resolved 350, reused 0, downloaded 296, added 0
Progress: resolved 356, reused 0, downloaded 300, added 0
Progress: resolved 359, reused 0, downloaded 306, added 0
Progress: resolved 364, reused 0, downloaded 309, added 0
Progress: resolved 369, reused 0, downloaded 315, added 0
Progress: resolved 375, reused 0, downloaded 320, added 0
Progress: resolved 378, reused 0, downloaded 322, added 0
Progress: resolved 384, reused 0, downloaded 327, added 0
Progress: resolved 389, reused 0, downloaded 332, added 0
Progress: resolved 395, reused 0, downloaded 337, added 0
Progress: resolved 398, reused 0, downloaded 340, added 0
Progress: resolved 404, reused 0, downloaded 345, added 0
Progress: resolved 407, reused 0, downloaded 348, added 0
Progress: resolved 416, reused 0, downloaded 348, added 0
Progress: resolved 423, reused 0, downloaded 348, added 0
Progress: resolved 430, reused 0, downloaded 350, added 0
Progress: resolved 434, reused 0, downloaded 353, added 0
Progress: resolved 435, reused 0, downloaded 355, added 0
Progress: resolved 437, reused 0, downloaded 357, added 0
Progress: resolved 440, reused 0, downloaded 360, added 0
Progress: resolved 442, reused 0, downloaded 361, added 0
Progress: resolved 448, reused 0, downloaded 364, added 0
Progress: resolved 450, reused 0, downloaded 364, added 0
Progress: resolved 450, reused 0, downloaded 366, added 0
Progress: resolved 452, reused 0, downloaded 367, added 0
Progress: resolved 453, reused 0, downloaded 370, added 0
Progress: resolved 454, reused 0, downloaded 370, added 0
Progress: resolved 456, reused 0, downloaded 370, added 0
Progress: resolved 457, reused 0, downloaded 372, added 0
Progress: resolved 459, reused 0, downloaded 373, added 0
Progress: resolved 466, reused 0, downloaded 373, added 0
Progress: resolved 470, reused 0, downloaded 373, added 0
Progress: resolved 473, reused 0, downloaded 373, added 0
Progress: resolved 478, reused 0, downloaded 373, added 0
Progress: resolved 480, reused 0, downloaded 373, added 0
Progress: resolved 482, reused 0, downloaded 374, added 0
Progress: resolved 483, reused 0, downloaded 375, added 0
Progress: resolved 484, reused 0, downloaded 376, added 0
Progress: resolved 487, reused 0, downloaded 376, added 0
Progress: resolved 490, reused 0, downloaded 376, added 0
Progress: resolved 491, reused 0, downloaded 376, added 0
Progress: resolved 494, reused 0, downloaded 376, added 0
Progress: resolved 496, reused 0, downloaded 376, added 0
Progress: resolved 503, reused 0, downloaded 376, added 0
Progress: resolved 508, reused 0, downloaded 382, added 0
Progress: resolved 514, reused 0, downloaded 385, added 0
Progress: resolved 521, reused 0, downloaded 389, added 0
Progress: resolved 527, reused 0, downloaded 392, added 0
Progress: resolved 528, reused 0, downloaded 398, added 0
Progress: resolved 532, reused 0, downloaded 399, added 0
Progress: resolved 536, reused 0, downloaded 404, added 0
Progress: resolved 543, reused 0, downloaded 410, added 0
Progress: resolved 550, reused 0, downloaded 415, added 0
Progress: resolved 556, reused 0, downloaded 421, added 0
Progress: resolved 562, reused 0, downloaded 427, added 0
Progress: resolved 564, reused 0, downloaded 431, added 0
Progress: resolved 568, reused 0, downloaded 432, added 0
Progress: resolved 572, reused 0, downloaded 436, added 0
Progress: resolved 574, reused 0, downloaded 440, added 0
Progress: resolved 579, reused 0, downloaded 444, added 0
Progress: resolved 582, reused 0, downloaded 447, added 0
Progress: resolved 586, reused 0, downloaded 448, added 0
Progress: resolved 589, reused 0, downloaded 450, added 0
Progress: resolved 592, reused 0, downloaded 453, added 0
Progress: resolved 593, reused 0, downloaded 457, added 0
Progress: resolved 594, reused 0, downloaded 465, added 0
Progress: resolved 598, reused 0, downloaded 473, added 0
Progress: resolved 599, reused 0, downloaded 477, added 0
Progress: resolved 599, reused 0, downloaded 485, added 0
Progress: resolved 599, reused 0, downloaded 487, added 0
Progress: resolved 599, reused 0, downloaded 489, added 0
Progress: resolved 599, reused 0, downloaded 490, added 0
Progress: resolved 600, reused 0, downloaded 490, added 0
Progress: resolved 600, reused 0, downloaded 491, added 0
Progress: resolved 600, reused 0, downloaded 492, added 0
Progress: resolved 600, reused 0, downloaded 493, added 0
Progress: resolved 600, reused 0, downloaded 494, added 0
Progress: resolved 600, reused 0, downloaded 495, added 0
Progress: resolved 601, reused 0, downloaded 495, added 0
Progress: resolved 602, reused 0, downloaded 495, added 0
Progress: resolved 602, reused 0, downloaded 496, added 0
Progress: resolved 602, reused 0, downloaded 497, added 0
Progress: resolved 602, reused 0, downloaded 498, added 0
Progress: resolved 603, reused 0, downloaded 498, added 0
Progress: resolved 606, reused 0, downloaded 498, added 0
Progress: resolved 608, reused 0, downloaded 503, added 0
Progress: resolved 608, reused 0, downloaded 504, added 0
Progress: resolved 609, reused 0, downloaded 505, added 0
Progress: resolved 610, reused 0, downloaded 505, added 0
Progress: resolved 610, reused 0, downloaded 506, added 0
Progress: resolved 611, reused 0, downloaded 506, added 0
Progress: resolved 612, reused 0, downloaded 508, added 0
Progress: resolved 613, reused 0, downloaded 508, added 0
Packages: +509
++++++++++++++++++++++++++++++++++++++++++++++++++++++++++++++++++++++++++++++++
Progress: resolved 615, reused 0, downloaded 512, added 46
Progress: resolved 615, reused 0, downloaded 512, added 199
Progress: resolved 615, reused 0, downloaded 512, added 297
Progress: resolved 615, reused 0, downloaded 512, added 429
Progress: resolved 615, reused 0, downloaded 512, added 495
Progress: resolved 615, reused 0, downloaded 512, added 503
Progress: resolved 615, reused 0, downloaded 512, added 504
Progress: resolved 615, reused 0, downloaded 512, added 505
Progress: resolved 615, reused 0, downloaded 512, added 506
 WARN  GET https://registry.npmjs.org/next/-/next-16.2.9.tgz error (ECONNRESET). Will retry in 10 seconds. 2 retries left.
Progress: resolved 615, reused 0, downloaded 513, added 506
Progress: resolved 615, reused 0, downloaded 513, added 507
 WARN  GET https://registry.npmjs.org/@next/swc-win32-x64-msvc/-/swc-win32-x64-msvc-16.2.9.tgz error (ECONNRESET). Will retry in 10 seconds. 2 retries left.
 WARN  GET https://registry.npmjs.org/@next/swc-win32-x64-msvc/-/swc-win32-x64-msvc-16.2.9.tgz error (ENOTFOUND). Will retry in 1 minute. 1 retries left.
 WARN  GET https://registry.npmjs.org/next/-/next-16.2.9.tgz error (ECONNRESET). Will retry in 1 minute. 1 retries left.
Progress: resolved 615, reused 0, downloaded 514, added 507
Progress: resolved 615, reused 0, downloaded 514, added 508
Progress: resolved 615, reused 0, downloaded 515, added 508
Progress: resolved 615, reused 0, downloaded 515, added 509, done
.../esbuild@0.27.7/node_modules/esbuild postinstall$ node install.js
.../node_modules/unrs-resolver postinstall$ node postinstall.js
.../sharp@0.34.5/node_modules/sharp install$ node install/check.js || npm run build
.../esbuild@0.27.7/node_modules/esbuild postinstall: Failed
 ELIFECYCLE  Command failed with exit code 3221225794.
.../sharp@0.34.5/node_modules/sharp install: Failed
.../node_modules/unrs-resolver postinstall: Failed
